-----------------------------------------------------------------------------------
Test set: front.Tests.TestActivityAccount
-------------------------------------------------------------------------------
Tests run: 1, Failures: 0, Errors: 0, Skipped: 0, Time elapsed: 18.907 sec
---------------------------------------------------------------------------
Test set: front.Tests.TestActivityAccount
-------------------------------------------------------------------------------
Tests run: 1, Failures: 0, Errors: 0, Skipped: 0, Time elapsed: 18.907 sec
