<?xml version="1.0" encoding="UTF-8" ?>
<testsuite tests="1" failures="1" name="front.Tests.TestRegistration" time="14.16" errors="0" skipped="0">
  <properties>
[...]
</properties>
  <testcase classname="front.Tests.TestRegistration" name="front.Tests.TestRegistration.testRegistration" time="14.16">
    <failure message="expected: &lt;true&gt; but was: &lt;false&gt;" type="org.opentest4j.AssertionFailedError">org.opentest4j.AssertionFailedError: expected: &lt;true&gt; but was: &lt;false&gt;
	at org.junit.jupiter.api.AssertionFailureBuilder.build(AssertionFailureBuilder.java:151)
	at org.junit.jupiter.api.AssertionFailureBuilder.buildAndThrow(AssertionFailureBuilder.java:132)
	at org.junit.jupiter.api.AssertTrue.failNotTrue(AssertTrue.java:63)
	at org.junit.jupiter.api.AssertTrue.assertTrue(AssertTrue.java:36)
	at org.junit.jupiter.api.AssertTrue.assertTrue(AssertTrue.java:31)
	at org.junit.jupiter.api.Assertions.assertTrue(Assertions.java:179)
	at front.Tests.TestRegistration.testRegistration(TestRegistration.java:33)
</failure>
    <system-out>Locator: By.xpath: /html/body/div[1]/div[3]/div[1]/div/p[2]/a
Driver: EdgeDriver: msedge on LINUX (054090904ec2838a7cbf889f1b629cce)
Locator: By.id: customer.firstName
Driver: EdgeDriver: msedge on LINUX (054090904ec2838a7cbf889f1b629cce)
Locator: By.id: customer.lastName
Driver: EdgeDriver: msedge on LINUX (054090904ec2838a7cbf889f1b629cce)
Locator: By.id: customer.address.street
Driver: EdgeDriver: msedge on LINUX (054090904ec2838a7cbf889f1b629cce)
Locator: By.id: customer.address.city
Driver: EdgeDriver: msedge on LINUX (054090904ec2838a7cbf889f1b629cce)
Locator: By.id: customer.address.state
Driver: EdgeDriver: msedge on LINUX (054090904ec2838a7cbf889f1b629cce)
Locator: By.id: customer.address.zipCode
Driver: EdgeDriver: msedge on LINUX (054090904ec2838a7cbf889f1b629cce)
Locator: By.id: customer.phoneNumber
Driver: EdgeDriver: msedge on LINUX (054090904ec2838a7cbf889f1b629cce)
Locator: By.id: customer.ssn
Driver: EdgeDriver: msedge on LINUX (054090904ec2838a7cbf889f1b629cce)
Locator: By.id: customer.username
Driver: EdgeDriver: msedge on LINUX (054090904ec2838a7cbf889f1b629cce)
Locator: By.id: customer.password
Driver: EdgeDriver: msedge on LINUX (054090904ec2838a7cbf889f1b629cce)
Locator: By.id: repeatedPassword
Driver: EdgeDriver: msedge on LINUX (054090904ec2838a7cbf889f1b629cce)
Locator: By.xpath: //*[@id=&quot;customerForm&quot;]/table/tbody/tr[13]/td[2]/input
Driver: EdgeDriver: msedge on LINUX (054090904ec2838a7cbf889f1b629cce)
Locator: By.xpath: //*[@id=&quot;rightPanel&quot;]/p
Driver: EdgeDriver: msedge on LINUX (054090904ec2838a7cbf889f1b629cce)
</system-out>
    <system-err>[1664203325,272][INFO]: [cf80dc2acd1b62217581481c2979f481] COMMAND Quit {
}
[1664203325,328][INFO]: [cf80dc2acd1b62217581481c2979f481] RESPONSE Quit
[1664203325,328][DEBUG]: Log type &apos;driver&apos; lost 0 entries on destruction
[1664203325,328][DEBUG]: Log type &apos;browser&apos; lost 0 entries on destruction
Starting Microsoft Edge WebDriver 105.0.1343.42 (a7d028ad84939118c075a140c44731eec59a559e) on port 59519
To submit feedback, report a bug, or suggest new features, please visit https://github.com/MicrosoftEdge/EdgeWebDriver

Only local connections are allowed.
Please see https://aka.ms/WebDriverSecurity for suggestions on keeping Microsoft Edge WebDriver safe.

Microsoft Edge WebDriver was started successfully.
[1664203325,431][INFO]: [054090904ec2838a7cbf889f1b629cce] COMMAND InitSession {
   &quot;capabilities&quot;: {
      &quot;firstMatch&quot;: [ {
         &quot;browserName&quot;: &quot;MicrosoftEdge&quot;,
         &quot;ms:edgeOptions&quot;: {
            &quot;args&quot;: [  ],
            &quot;extensions&quot;: [  ]
         }
      } ]
   },
   &quot;desiredCapabilities&quot;: {
      &quot;browserName&quot;: &quot;MicrosoftEdge&quot;,
      &quot;ms:edgeOptions&quot;: {
         &quot;args&quot;: [  ],
         &quot;extensions&quot;: [  ]
      }
   }
}
[1664203325,431][INFO]: Populating Preferences file: {
   &quot;alternate_error_pages&quot;: {
      &quot;enabled&quot;: false
   },
   &quot;autofill&quot;: {
      &quot;enabled&quot;: false
   },
   &quot;browser&quot;: {
      &quot;check_default_browser&quot;: false
   },
   &quot;distribution&quot;: {
      &quot;import_bookmarks&quot;: false,
      &quot;import_history&quot;: false,
      &quot;import_search_engine&quot;: false,
      &quot;make_chrome_default_for_user&quot;: false,
      &quot;skip_first_run_ui&quot;: true
   },
   &quot;dns_prefetching&quot;: {
      &quot;enabled&quot;: false
   },
   &quot;profile&quot;: {
      &quot;content_settings&quot;: {
         &quot;pattern_pairs&quot;: {
            &quot;https://*,*&quot;: {
               &quot;media-stream&quot;: {
                  &quot;audio&quot;: &quot;Default&quot;,
                  &quot;video&quot;: &quot;Default&quot;
               }
            }
         }
      },
      &quot;default_content_setting_values&quot;: {
         &quot;geolocation&quot;: 1
      },
      &quot;default_content_settings&quot;: {
         &quot;geolocation&quot;: 1,
         &quot;mouselock&quot;: 1,
         &quot;notifications&quot;: 1,
         &quot;popups&quot;: 1,
         &quot;ppapi-broker&quot;: 1
      },
      &quot;password_manager_enabled&quot;: false
   },
   &quot;safebrowsing&quot;: {
      &quot;enabled&quot;: false
   },
   &quot;search&quot;: {
      &quot;suggest_enabled&quot;: false
   },
   &quot;translate&quot;: {
      &quot;enabled&quot;: false
   }
}
[1664203325,431][INFO]: Populating Local State file: {
   &quot;background_mode&quot;: {
      &quot;enabled&quot;: false
   },
   &quot;ssl&quot;: {
      &quot;rev_checking&quot;: {
         &quot;enabled&quot;: false
      }
   }
}
[1664203325,431][INFO]: Launching Microsoft Edge: /usr/bin/microsoft-edge --allow-pre-commit-input --disable-background-networking --disable-client-side-phishing-detection --disable-default-apps --disable-hang-monitor --disable-popup-blocking --disable-prompt-on-repost --disable-sync --enable-automation --enable-blink-features=ShadowDOMV0 --enable-logging --log-level=0 --no-first-run --no-service-autorun --password-store=basic --remote-debugging-port=0 --test-type=webdriver --use-mock-keychain --user-data-dir=/tmp/.com.microsoft.Edge.Cy0oCn data:,

DevTools listening on ws://127.0.0.1:42987/devtools/browser/88ae627c-0fe1-40f4-bf9f-1102d9c4e5ac
[1664203325,637][DEBUG]: DevTools HTTP Request: http://localhost:42987/json/version
libva error: vaGetDriverNameByIndex() failed with unknown libva error, driver_name = (null)
[20624:20624:0926/114205.654331:ERROR:viz_main_impl.cc(188)] Exiting GPU process due to errors during initialization
[1664203325,709][DEBUG]: DevTools HTTP Response: {
   &quot;Browser&quot;: &quot;Edg/105.0.1343.50&quot;,
   &quot;Protocol-Version&quot;: &quot;1.3&quot;,
   &quot;User-Agent&quot;: &quot;Mozilla/5.0 (X11; Linux x86_64) AppleWebKit/537.36 (KHTML, like Gecko) Chrome/105.0.0.0 Safari/537.36 Edg/105.0.1343.50&quot;,
   &quot;V8-Version&quot;: &quot;10.5.12.7&quot;,
   &quot;WebKit-Version&quot;: &quot;537.36 (@1aa39c6858bf9cf2e20cf926cf732ab6ed40190b)&quot;,
   &quot;webSocketDebuggerUrl&quot;: &quot;ws://localhost:42987/devtools/browser/88ae627c-0fe1-40f4-bf9f-1102d9c4e5ac&quot;
}

[1664203325,710][DEBUG]: DevTools HTTP Request: http://localhost:42987/json/list
[1664203325,719][DEBUG]: DevTools HTTP Response: [ {
   &quot;description&quot;: &quot;&quot;,
   &quot;devtoolsFrontendUrl&quot;: &quot;/devtools/inspector.html?ws=localhost:42987/devtools/page/36FF8643EFB745BF1FD92B9E552C6E89&quot;,
   &quot;id&quot;: &quot;36FF8643EFB745BF1FD92B9E552C6E89&quot;,
   &quot;title&quot;: &quot;&quot;,
   &quot;type&quot;: &quot;page&quot;,
   &quot;url&quot;: &quot;data:,&quot;,
   &quot;webSocketDebuggerUrl&quot;: &quot;ws://localhost:42987/devtools/page/36FF8643EFB745BF1FD92B9E552C6E89&quot;
} ]

[1664203325,720][DEBUG]: DevTools HTTP Request: http://localhost:42987/json/list
[1664203325,727][DEBUG]: DevTools HTTP Response: [ {
   &quot;description&quot;: &quot;&quot;,
   &quot;devtoolsFrontendUrl&quot;: &quot;/devtools/inspector.html?ws=localhost:42987/devtools/page/36FF8643EFB745BF1FD92B9E552C6E89&quot;,
   &quot;id&quot;: &quot;36FF8643EFB745BF1FD92B9E552C6E89&quot;,
   &quot;title&quot;: &quot;&quot;,
   &quot;type&quot;: &quot;page&quot;,
   &quot;url&quot;: &quot;data:,&quot;,
   &quot;webSocketDebuggerUrl&quot;: &quot;ws://localhost:42987/devtools/page/36FF8643EFB745BF1FD92B9E552C6E89&quot;
} ]

[1664203325,727][INFO]: resolved localhost to [&quot;127.0.0.1&quot;]
[1664203325,733][DEBUG]: DevTools WebSocket Command: Page.addScriptToEvaluateOnNewDocument (id=1) 36FF8643EFB745BF1FD92B9E552C6E89 {
   &quot;source&quot;: &quot;(function () {window.cdc_adoQpoasnfa76pfcZLmcfl_Array = window.Array;window.cdc_adoQpoasnfa76pfcZLmcfl_Promise = window.Promise;window.cdc_adoQpoasnfa76pfcZLmcfl_Symbol = window.Symbol;}) ();&quot;
}
[1664203325,733][DEBUG]: DevTools WebSocket Command: Runtime.evaluate (id=2) 36FF8643EFB745BF1FD92B9E552C6E89 {
   &quot;expression&quot;: &quot;(function () {window.cdc_adoQpoasnfa76pfcZLmcfl_Array = window.Array;window.cdc_adoQpoasnfa76pfcZLmcfl_Promise = window.Promise;window.cdc_adoQpoasnfa76pfcZLmcfl_Symbol = window.Symbol;}) ();&quot;
}
[1664203325,733][DEBUG]: DevTools WebSocket Command: Log.enable (id=3) 36FF8643EFB745BF1FD92B9E552C6E89 {
}
[1664203325,734][DEBUG]: DevTools WebSocket Command: Target.setAutoAttach (id=4) 36FF8643EFB745BF1FD92B9E552C6E89 {
   &quot;autoAttach&quot;: true,
   &quot;flatten&quot;: true,
   &quot;waitForDebuggerOnStart&quot;: false
}
[1664203325,734][DEBUG]: DevTools WebSocket Command: Page.enable (id=5) 36FF8643EFB745BF1FD92B9E552C6E89 {
}
[1664203325,734][DEBUG]: DevTools WebSocket Command: Page.enable (id=6) 36FF8643EFB745BF1FD92B9E552C6E89 {
}
libva error: vaGetDriverNameByIndex() failed with unknown libva error, driver_name = (null)
[20680:20680:0926/114205.802804:ERROR:viz_main_impl.cc(188)] Exiting GPU process due to errors during initialization
libva error: vaGetDriverNameByIndex() failed with unknown libva error, driver_name = (null)
[1664203325,936][DEBUG]: DevTools WebSocket Response: Page.addScriptToEvaluateOnNewDocument (id=1) 36FF8643EFB745BF1FD92B9E552C6E89 {
   &quot;identifier&quot;: &quot;1&quot;
}
[1664203325,936][DEBUG]: DevTools WebSocket Response: Runtime.evaluate (id=2) 36FF8643EFB745BF1FD92B9E552C6E89 {
   &quot;result&quot;: {
      &quot;type&quot;: &quot;undefined&quot;
   }
}
[1664203325,936][DEBUG]: DevTools WebSocket Response: Log.enable (id=3) 36FF8643EFB745BF1FD92B9E552C6E89 {
}
[1664203325,936][DEBUG]: DevTools WebSocket Response: Target.setAutoAttach (id=4) 36FF8643EFB745BF1FD92B9E552C6E89 {
}
[1664203325,936][DEBUG]: DevTools WebSocket Response: Page.enable (id=5) 36FF8643EFB745BF1FD92B9E552C6E89 {
}
[1664203325,936][DEBUG]: DevTools WebSocket Response: Page.enable (id=6) 36FF8643EFB745BF1FD92B9E552C6E89 {
}
[1664203325,936][DEBUG]: DevTools WebSocket Command: Runtime.enable (id=7) 36FF8643EFB745BF1FD92B9E552C6E89 {
}
[1664203325,937][DEBUG]: DevTools WebSocket Event: Page.loadEventFired 36FF8643EFB745BF1FD92B9E552C6E89 {
   &quot;timestamp&quot;: 4170.012202
}
[1664203325,937][DEBUG]: DevTools WebSocket Command: Runtime.evaluate (id=8) 36FF8643EFB745BF1FD92B9E552C6E89 {
   &quot;awaitPromise&quot;: false,
   &quot;expression&quot;: &quot;document.readyState&quot;,
   &quot;returnByValue&quot;: true
}
[1664203325,937][DEBUG]: DevTools WebSocket Event: Page.frameStoppedLoading 36FF8643EFB745BF1FD92B9E552C6E89 {
   &quot;frameId&quot;: &quot;36FF8643EFB745BF1FD92B9E552C6E89&quot;
}
[1664203325,937][DEBUG]: DevTools WebSocket Event: Page.domContentEventFired 36FF8643EFB745BF1FD92B9E552C6E89 {
   &quot;timestamp&quot;: 4170.012382
}
[1664203325,937][DEBUG]: DevTools WebSocket Event: Page.frameResized 36FF8643EFB745BF1FD92B9E552C6E89 {
}
[1664203325,940][DEBUG]: DevTools WebSocket Event: Runtime.executionContextCreated 36FF8643EFB745BF1FD92B9E552C6E89 {
   &quot;context&quot;: {
      &quot;auxData&quot;: {
         &quot;frameId&quot;: &quot;36FF8643EFB745BF1FD92B9E552C6E89&quot;,
         &quot;isDefault&quot;: true,
         &quot;type&quot;: &quot;default&quot;
      },
      &quot;id&quot;: 2,
      &quot;name&quot;: &quot;&quot;,
      &quot;origin&quot;: &quot;://&quot;,
      &quot;uniqueId&quot;: &quot;1713390051457991400.-6989392892189307613&quot;
   }
}
[1664203325,940][DEBUG]: DevTools WebSocket Response: Runtime.enable (id=7) 36FF8643EFB745BF1FD92B9E552C6E89 {
}
[1664203325,940][DEBUG]: DevTools WebSocket Response: Runtime.evaluate (id=8) 36FF8643EFB745BF1FD92B9E552C6E89 {
   &quot;result&quot;: {
      &quot;type&quot;: &quot;string&quot;,
      &quot;value&quot;: &quot;complete&quot;
   }
}
[1664203325,940][DEBUG]: DevTools WebSocket Command: Page.enable (id=9) 36FF8643EFB745BF1FD92B9E552C6E89 {
}
[1664203325,944][DEBUG]: DevTools WebSocket Response: Page.enable (id=9) 36FF8643EFB745BF1FD92B9E552C6E89 {
}
[1664203325,944][DEBUG]: DevTools WebSocket Command: Runtime.enable (id=10) 36FF8643EFB745BF1FD92B9E552C6E89 {
}
[1664203325,945][DEBUG]: DevTools WebSocket Response: Runtime.enable (id=10) 36FF8643EFB745BF1FD92B9E552C6E89 {
}
[1664203325,945][DEBUG]: DevTools WebSocket Command: Runtime.evaluate (id=11) 36FF8643EFB745BF1FD92B9E552C6E89 {
   &quot;awaitPromise&quot;: true,
   &quot;expression&quot;: &quot;(function() { // Copyright (c) 2012 The Chromium Authors. All rights reserved.\n// Use of this source code is governed by a BSD-style license that can be\n// found in the LICENSE file.\n\n/**\n * Enum f...&quot;,
   &quot;returnByValue&quot;: true
}
[1664203325,947][DEBUG]: DevTools WebSocket Response: Runtime.evaluate (id=11) 36FF8643EFB745BF1FD92B9E552C6E89 {
   &quot;result&quot;: {
      &quot;type&quot;: &quot;object&quot;,
      &quot;value&quot;: {
         &quot;status&quot;: 0,
         &quot;value&quot;: 1
      }
   }
}
[1664203325,947][INFO]: [054090904ec2838a7cbf889f1b629cce] RESPONSE InitSession {
   &quot;capabilities&quot;: {
      &quot;acceptInsecureCerts&quot;: false,
      &quot;browserName&quot;: &quot;msedge&quot;,
      &quot;browserVersion&quot;: &quot;105.0.1343.50&quot;,
      &quot;ms:edgeOptions&quot;: {
         &quot;debuggerAddress&quot;: &quot;localhost:42987&quot;
      },
      &quot;msedge&quot;: {
         &quot;msedgedriverVersion&quot;: &quot;105.0.1343.42 (a7d028ad84939118c075a140c44731eec59a559e)&quot;,
         &quot;userDataDir&quot;: &quot;/tmp/.com.microsoft.Edge.Cy0oCn&quot;
      },
      &quot;networkConnectionEnabled&quot;: false,
      &quot;pageLoadStrategy&quot;: &quot;normal&quot;,
      &quot;platformName&quot;: &quot;linux&quot;,
      &quot;proxy&quot;: {
      },
      &quot;setWindowRect&quot;: true,
      &quot;strictFileInteractability&quot;: false,
      &quot;timeouts&quot;: {
         &quot;implicit&quot;: 0,
         &quot;pageLoad&quot;: 3set 26, 2022 11:42:05 AM org.openqa.selenium.remote.ProtocolHandshake createSession
INFORMAÇÕES: Detected dialect: W3C
00000,
         &quot;script&quot;: 30000
      },
      &quot;unhandledPromptBehavior&quot;: &quot;dismiss and notify&quot;,
      &quot;webauthn:extension:credBlob&quot;: true,
      &quot;webauthn:extension:largeBlob&quot;: true,
      &quot;webauthn:virtualAuthenticators&quot;: true
   },
   &quot;sessionId&quot;: &quot;054090904ec2838a7cbf889f1b629cce&quot;
}
set 26, 2022 11:42:05 AM org.openqa.selenium.devtools.CdpVersionFinder findNearestMatch
ADVERTÊNCIA: Unable to find an exact match for CDP version 105, so returning the closest version found: a no-op implementation
set 26, 2022 11:42:05 AM org.openqa.selenium.devtools.CdpVersionFinder findNearestMatch
INFORMAÇÕES: Unable to find CDP implementation matching 105.
set 26, 2022 11:42:05 AM org.openqa.selenium.chromium.ChromiumDriver lambda$new$3
ADVERTÊNCIA: Unable to find version of CDP to use for . You may need to include a dependency on a specific version of the CDP using something similar to `org.seleniumhq.selenium:selenium-devtools-v86:4.0.0` where the version (&quot;v86&quot;) matches the version of the chromium-based browser you&apos;re using and the version number of the artifact is the same as Selenium&apos;s.
[1664203325,984][INFO]: [054090904ec2838a7cbf889f1b629cce] COMMAND Navigate {
   &quot;url&quot;: &quot;https://parabank.parasoft.com/parabank/index.htm&quot;
}
[1664203325,984][INFO]: Waiting for pending navigations...
[1664203325,984][DEBUG]: DevTools WebSocket Command: Runtime.evaluate (id=12) 36FF8643EFB745BF1FD92B9E552C6E89 {
   &quot;expression&quot;: &quot;1&quot;
}
[1664203325,985][DEBUG]: DevTools WebSocket Response: Runtime.evaluate (id=12) 36FF8643EFB745BF1FD92B9E552C6E89 {
   &quot;result&quot;: {
      &quot;description&quot;: &quot;1&quot;,
      &quot;type&quot;: &quot;number&quot;,
      &quot;value&quot;: 1
   }
}
[1664203325,985][INFO]: Done waiting for pending navigations. Status: ok
[1664203325,985][DEBUG]: DevTools WebSocket Command: Page.navigate (id=13) 36FF8643EFB745BF1FD92B9E552C6E89 {
   &quot;url&quot;: &quot;https://parabank.parasoft.com/parabank/index.htm&quot;
}
[1664203326,593][DEBUG]: DevTools WebSocket Response: Page.navigate (id=13) 36FF8643EFB745BF1FD92B9E552C6E89 {
   &quot;frameId&quot;: &quot;36FF8643EFB745BF1FD92B9E552C6E89&quot;,
   &quot;loaderId&quot;: &quot;9FC78E282CAE15D69E975A85D9B45CFC&quot;
}
[1664203326,593][DEBUG]: DevTools WebSocket Command: Runtime.evaluate (id=14) 36FF8643EFB745BF1FD92B9E552C6E89 {
   &quot;expression&quot;: &quot;document.URL&quot;
}
[1664203326,601][DEBUG]: DevTools WebSocket Event: Runtime.executionContextsCleared 36FF8643EFB745BF1FD92B9E552C6E89 {
}
[1664203326,604][DEBUG]: DevTools WebSocket Event: Page.frameStartedLoading 36FF8643EFB745BF1FD92B9E552C6E89 {
   &quot;frameId&quot;: &quot;36FF8643EFB745BF1FD92B9E552C6E89&quot;
}
[1664203326,649][DEBUG]: DevTools WebSocket Event: Runtime.executionContextsCleared 36FF8643EFB745BF1FD92B9E552C6E89 {
}
[1664203326,649][DEBUG]: DevTools WebSocket Event: Page.frameNavigated 36FF8643EFB745BF1FD92B9E552C6E89 {
   &quot;frame&quot;: {
      &quot;adFrameStatus&quot;: {
         &quot;adFrameType&quot;: &quot;none&quot;
      },
      &quot;crossOriginIsolatedContextType&quot;: &quot;NotIsolated&quot;,
      &quot;domainAndRegistry&quot;: &quot;parasoft.com&quot;,
      &quot;gatedAPIFeatures&quot;: [  ],
      &quot;id&quot;: &quot;36FF8643EFB745BF1FD92B9E552C6E89&quot;,
      &quot;loaderId&quot;: &quot;9FC78E282CAE15D69E975A85D9B45CFC&quot;,
      &quot;mimeType&quot;: &quot;text/html&quot;,
      &quot;secureContextType&quot;: &quot;Secure&quot;,
      &quot;securityOrigin&quot;: &quot;https://parabank.parasoft.com&quot;,
      &quot;url&quot;: &quot;https://parabank.parasoft.com/parabank/index.htm&quot;
   },
   &quot;type&quot;: &quot;Navigation&quot;
}
[1664203326,649][DEBUG]: DevTools WebSocket Event: Runtime.executionContextCreated 36FF8643EFB745BF1FD92B9E552C6E89 {
   &quot;context&quot;: {
      &quot;auxData&quot;: {
         &quot;frameId&quot;: &quot;36FF8643EFB745BF1FD92B9E552C6E89&quot;,
         &quot;isDefault&quot;: true,
         &quot;type&quot;: &quot;default&quot;
      },
      &quot;id&quot;: 1,
      &quot;name&quot;: &quot;&quot;,
      &quot;origin&quot;: &quot;https://parabank.parasoft.com&quot;,
      &quot;uniqueId&quot;: &quot;-8278014332801948995.1614009431089351359&quot;
   }
}
[1664203326,657][DEBUG]: DevTools WebSocket Response: Runtime.evaluate (id=14) 36FF8643EFB745BF1FD92B9E552C6E89 {
   &quot;result&quot;: {
      &quot;type&quot;: &quot;string&quot;,
      &quot;value&quot;: &quot;https://parabank.parasoft.com/parabank/index.htm&quot;
   }
}
[1664203326,657][INFO]: Waiting for pending navigations...
[1664203326,657][DEBUG]: DevTools WebSocket Command: Runtime.evaluate (id=15) 36FF8643EFB745BF1FD92B9E552C6E89 {
   &quot;expression&quot;: &quot;1&quot;
}
[1664203326,659][DEBUG]: DevTools WebSocket Event: Page.frameResized 36FF8643EFB745BF1FD92B9E552C6E89 {
}
[1664203326,660][DEBUG]: DevTools WebSocket Response: Runtime.evaluate (id=15) 36FF8643EFB745BF1FD92B9E552C6E89 {
   &quot;result&quot;: {
      &quot;description&quot;: &quot;1&quot;,
      &quot;type&quot;: &quot;number&quot;,
      &quot;value&quot;: 1
   }
}
[1664203327,161][DEBUG]: DevTools WebSocket Command: Runtime.evaluate (id=16) 36FF8643EFB745BF1FD92B9E552C6E89 {
   &quot;expression&quot;: &quot;1&quot;
}
[1664203327,162][DEBUG]: DevTools WebSocket Response: Runtime.evaluate (id=16) 36FF8643EFB745BF1FD92B9E552C6E89 {
   &quot;result&quot;: {
      &quot;description&quot;: &quot;1&quot;,
      &quot;type&quot;: &quot;number&quot;,
      &quot;value&quot;: 1
   }
}
[1664203327,443][DEBUG]: DevTools WebSocket Event: Log.entryAdded 36FF8643EFB745BF1FD92B9E552C6E89 {
   &quot;entry&quot;: {
      &quot;args&quot;: [ {
         &quot;className&quot;: &quot;HTMLInputElement&quot;,
         &quot;description&quot;: &quot;input.input&quot;,
         &quot;objectId&quot;: &quot;-6911687748606428388.1.1&quot;,
         &quot;subtype&quot;: &quot;node&quot;,
         &quot;type&quot;: &quot;object&quot;
      } ],
      &quot;level&quot;: &quot;verbose&quot;,
      &quot;source&quot;: &quot;recommendation&quot;,
      &quot;text&quot;: &quot;[DOM] Input elements should have autocomplete attributes (suggested: \&quot;current-password\&quot;): (More info: https://www.chromium.org/developers/design-documents/create-amazing-password-forms) %o&quot;,
      &quot;timestamp&quot;: 1.664203327441771e+12,
      &quot;url&quot;: &quot;https://parabank.parasoft.com/parabank/index.htm&quot;
   }
}
[1664203327,443][DEBUG]: DevTools WebSocket Command: Runtime.evaluate (id=17) 36FF8643EFB745BF1FD92B9E552C6E89 {
   &quot;expression&quot;: &quot;1&quot;
}
[1664203327,449][DEBUG]: DevTools WebSocket Event: Page.domContentEventFired 36FF8643EFB745BF1FD92B9E552C6E89 {
   &quot;timestamp&quot;: 4171.520844
}
[1664203327,456][DEBUG]: DevTools WebSocket Response: Runtime.evaluate (id=17) 36FF8643EFB745BF1FD92B9E552C6E89 {
   &quot;result&quot;: {
      &quot;description&quot;: &quot;1&quot;,
      &quot;type&quot;: &quot;number&quot;,
      &quot;value&quot;: 1
   }
}
[1664203327,463][DEBUG]: DevTools WebSocket Event: Page.frameResized 36FF8643EFB745BF1FD92B9E552C6E89 {
}
[1664203327,463][DEBUG]: DevTools WebSocket Command: Runtime.evaluate (id=18) 36FF8643EFB745BF1FD92B9E552C6E89 {
   &quot;expression&quot;: &quot;1&quot;
}
[1664203327,463][DEBUG]: DevTools WebSocket Response: Runtime.evaluate (id=18) 36FF8643EFB745BF1FD92B9E552C6E89 {
   &quot;result&quot;: {
      &quot;description&quot;: &quot;1&quot;,
      &quot;type&quot;: &quot;number&quot;,
      &quot;value&quot;: 1
   }
}
[1664203327,610][DEBUG]: DevTools WebSocket Event: Page.loadEventFired 36FF8643EFB745BF1FD92B9E552C6E89 {
   &quot;timestamp&quot;: 4171.687503
}
[1664203327,610][DEBUG]: DevTools WebSocket Command: Runtime.evaluate (id=19) 36FF8643EFB745BF1FD92B9E552C6E89 {
   &quot;awaitPromise&quot;: false,
   &quot;expression&quot;: &quot;document.readyState&quot;,
   &quot;returnByValue&quot;: true
}
[1664203327,610][DEBUG]: DevTools WebSocket Event: Page.frameStoppedLoading 36FF8643EFB745BF1FD92B9E552C6E89 {
   &quot;frameId&quot;: &quot;36FF8643EFB745BF1FD92B9E552C6E89&quot;
}
[1664203327,614][DEBUG]: DevTools WebSocket Response: Runtime.evaluate (id=19) 36FF8643EFB745BF1FD92B9E552C6E89 {
   &quot;result&quot;: {
      &quot;type&quot;: &quot;string&quot;,
      &quot;value&quot;: &quot;complete&quot;
   }
}
[1664203327,614][DEBUG]: DevTools WebSocket Command: Runtime.evaluate (id=20) 36FF8643EFB745BF1FD92B9E552C6E89 {
   &quot;expression&quot;: &quot;1&quot;
}
[1664203327,615][DEBUG]: DevTools WebSocket Response: Runtime.evaluate (id=20) 36FF8643EFB745BF1FD92B9E552C6E89 {
   &quot;result&quot;: {
      &quot;description&quot;: &quot;1&quot;,
      &quot;type&quot;: &quot;number&quot;,
      &quot;value&quot;: 1
   }
}
[1664203327,615][INFO]: Done waiting for pending navigations. Status: ok
[1664203327,615][INFO]: [054090904ec2838a7cbf889f1b629cce] RESPONSE Navigate
[1664203327,618][INFO]: [054090904ec2838a7cbf889f1b629cce] COMMAND MaximizeWindow {
}
[1664203327,618][INFO]: Waiting for pending navigations...
[1664203327,618][DEBUG]: DevTools WebSocket Command: Runtime.evaluate (id=21) 36FF8643EFB745BF1FD92B9E552C6E89 {
   &quot;expression&quot;: &quot;1&quot;
}
[1664203327,619][DEBUG]: DevTools WebSocket Response: Runtime.evaluate (id=21) 36FF8643EFB745BF1FD92B9E552C6E89 {
   &quot;result&quot;: {
      &quot;description&quot;: &quot;1&quot;,
      &quot;type&quot;: &quot;number&quot;,
      &quot;value&quot;: 1
   }
}
[1664203327,619][INFO]: Done waiting for pending navigations. Status: ok
[1664203327,619][INFO]: resolved localhost to [&quot;127.0.0.1&quot;]
[1664203327,619][DEBUG]: DevTools WebSocket Command: Browser.getWindowForTarget (id=1) browser {
   &quot;targetId&quot;: &quot;36FF8643EFB745BF1FD92B9E552C6E89&quot;
}
[1664203327,619][DEBUG]: DevTools WebSocket Response: Browser.getWindowForTarget (id=1) browser {
   &quot;bounds&quot;: {
      &quot;height&quot;: 1033,
      &quot;left&quot;: 86,
      &quot;top&quot;: 37,
      &quot;width&quot;: 907,
      &quot;windowState&quot;: &quot;normal&quot;
   },
   &quot;windowId&quot;: 193330728
}
[1664203327,619][DEBUG]: DevTools WebSocket Command: Browser.setWindowBounds (id=2) browser {
   &quot;bounds&quot;: {
      &quot;windowState&quot;: &quot;maximized&quot;
   },
   &quot;windowId&quot;: 193330728
}
[1664203327,620][DEBUG]: DevTools WebSocket Response: Browser.setWindowBounds (id=2) browser {
}
[1664203327,720][DEBUG]: DevTools WebSocket Command: Browser.getWindowBounds (id=3) browser {
   &quot;windowId&quot;: 193330728
}
[1664203327,720][DEBUG]: DevTools WebSocket Response: Browser.getWindowBounds (id=3) browser {
   &quot;bounds&quot;: {
      &quot;height&quot;: 1053,
      &quot;left&quot;: 76,
      &quot;top&quot;: 27,
      &quot;width&quot;: 1844,
      &quot;windowState&quot;: &quot;maximized&quot;
   }
}
[1664203327,720][DEBUG]: DevTools WebSocket Command: Browser.getWindowForTarget (id=4) browser {
   &quot;targetId&quot;: &quot;36FF8643EFB745BF1FD92B9E552C6E89&quot;
}
[1664203327,720][DEBUG]: DevTools WebSocket Response: Browser.getWindowForTarget (id=4) browser {
   &quot;bounds&quot;: {
      &quot;height&quot;: 1053,
      &quot;left&quot;: 76,
      &quot;top&quot;: 27,
      &quot;width&quot;: 1844,
      &quot;windowState&quot;: &quot;maximized&quot;
   },
   &quot;windowId&quot;: 193330728
}
[1664203327,720][INFO]: Waiting for pending navigations...
[1664203327,720][DEBUG]: DevTools WebSocket Event: Page.frameResized 36FF8643EFB745BF1FD92B9E552C6E89 {
}
[1664203327,720][DEBUG]: DevTools WebSocket Event: Page.frameResized 36FF8643EFB745BF1FD92B9E552C6E89 {
}
[1664203327,720][DEBUG]: DevTools WebSocket Command: Runtime.evaluate (id=22) 36FF8643EFB745BF1FD92B9E552C6E89 {
   &quot;expression&quot;: &quot;1&quot;
}
[1664203327,721][DEBUG]: DevTools WebSocket Response: Runtime.evaluate (id=22) 36FF8643EFB745BF1FD92B9E552C6E89 {
   &quot;result&quot;: {
      &quot;description&quot;: &quot;1&quot;,
      &quot;type&quot;: &quot;number&quot;,
      &quot;value&quot;: 1
   }
}
[1664203327,721][INFO]: Done waiting for pending navigations. Status: ok
[1664203327,721][INFO]: [054090904ec2838a7cbf889f1b629cce] RESPONSE MaximizeWindow {
   &quot;height&quot;: 1053,
   &quot;width&quot;: 1844,
   &quot;x&quot;: 76,
   &quot;y&quot;: 27
}
[1664203327,723][INFO]: [054090904ec2838a7cbf889f1b629cce] COMMAND SetTimeouts {
   &quot;implicit&quot;: 5000
}
[1664203327,723][INFO]: [054090904ec2838a7cbf889f1b629cce] RESPONSE SetTimeouts
[1664203327,725][INFO]: [054090904ec2838a7cbf889f1b629cce] COMMAND FindElement {
   &quot;using&quot;: &quot;xpath&quot;,
   &quot;value&quot;: &quot;/html/body/div[1]/div[3]/div[1]/div/p[2]/a&quot;
}
[1664203327,725][INFO]: Waiting for pending navigations...
[1664203327,725][DEBUG]: DevTools WebSocket Command: Runtime.evaluate (id=23) 36FF8643EFB745BF1FD92B9E552C6E89 {
   &quot;expression&quot;: &quot;1&quot;
}
[1664203327,726][DEBUG]: DevTools WebSocket Response: Runtime.evaluate (id=23) 36FF8643EFB745BF1FD92B9E552C6E89 {
   &quot;result&quot;: {
      &quot;description&quot;: &quot;1&quot;,
      &quot;type&quot;: &quot;number&quot;,
      &quot;value&quot;: 1
   }
}
[1664203327,726][INFO]: Done waiting for pending navigations. Status: ok
[1664203327,728][DEBUG]: DevTools WebSocket Command: Runtime.evaluate (id=24) 36FF8643EFB745BF1FD92B9E552C6E89 {
   &quot;awaitPromise&quot;: true,
   &quot;expression&quot;: &quot;(function() { // Copyright (c) 2012 The Chromium Authors. All rights reserved.\n// Use of this source code is governed by a BSD-style license that can be\n// found in the LICENSE file.\n\n/**\n * Enum f...&quot;,
   &quot;returnByValue&quot;: true
}
[1664203327,734][DEBUG]: DevTools WebSocket Response: Runtime.evaluate (id=24) 36FF8643EFB745BF1FD92B9E552C6E89 {
   &quot;result&quot;: {
      &quot;type&quot;: &quot;object&quot;,
      &quot;value&quot;: {
         &quot;status&quot;: 0,
         &quot;value&quot;: {
            &quot;element-6066-11e4-a52e-4f735466cecf&quot;: &quot;5f6193da-1504-4bb1-b0d0-5ee80c5f72cd&quot;
         }
      }
   }
}
[1664203327,734][INFO]: Waiting for pending navigations...
[1664203327,734][DEBUG]: DevTools WebSocket Command: Runtime.evaluate (id=25) 36FF8643EFB745BF1FD92B9E552C6E89 {
   &quot;expression&quot;: &quot;1&quot;
}
[1664203327,734][DEBUG]: DevTools WebSocket Response: Runtime.evaluate (id=25) 36FF8643EFB745BF1FD92B9E552C6E89 {
   &quot;result&quot;: {
      &quot;description&quot;: &quot;1&quot;,
      &quot;type&quot;: &quot;number&quot;,
      &quot;value&quot;: 1
   }
}
[1664203327,734][INFO]: Done waiting for pending navigations. Status: ok
[1664203327,734][INFO]: [054090904ec2838a7cbf889f1b629cce] RESPONSE FindElement {
   &quot;element-6066-11e4-a52e-4f735466cecf&quot;: &quot;5f6193da-1504-4bb1-b0d0-5ee80c5f72cd&quot;
}
[1664203329,737][INFO]: [054090904ec2838a7cbf889f1b629cce] COMMAND ClickElement {
   &quot;id&quot;: &quot;5f6193da-1504-4bb1-b0d0-5ee80c5f72cd&quot;
}
[1664203329,737][INFO]: Waiting for pending navigations...
[1664203329,737][DEBUG]: DevTools WebSocket Command: Runtime.evaluate (id=26) 36FF8643EFB745BF1FD92B9E552C6E89 {
   &quot;expression&quot;: &quot;1&quot;
}
[1664203329,738][DEBUG]: DevTools WebSocket Response: Runtime.evaluate (id=26) 36FF8643EFB745BF1FD92B9E552C6E89 {
   &quot;result&quot;: {
      &quot;description&quot;: &quot;1&quot;,
      &quot;type&quot;: &quot;number&quot;,
      &quot;value&quot;: 1
   }
}
[1664203329,738][INFO]: Done waiting for pending navigations. Status: ok
[1664203329,738][DEBUG]: DevTools WebSocket Command: Runtime.evaluate (id=27) 36FF8643EFB745BF1FD92B9E552C6E89 {
   &quot;awaitPromise&quot;: true,
   &quot;expression&quot;: &quot;(function() { // Copyright (c) 2012 The Chromium Authors. All rights reserved.\n// Use of this source code is governed by a BSD-style license that can be\n// found in the LICENSE file.\n\n/**\n * Enum f...&quot;,
   &quot;returnByValue&quot;: true
}
[1664203329,741][DEBUG]: DevTools WebSocket Response: Runtime.evaluate (id=27) 36FF8643EFB745BF1FD92B9E552C6E89 {
   &quot;result&quot;: {
      &quot;type&quot;: &quot;object&quot;,
      &quot;value&quot;: {
         &quot;status&quot;: 0,
         &quot;value&quot;: &quot;a&quot;
      }
   }
}
[1664203329,741][DEBUG]: DevTools WebSocket Command: Runtime.evaluate (id=28) 36FF8643EFB745BF1FD92B9E552C6E89 {
   &quot;awaitPromise&quot;: true,
   &quot;expression&quot;: &quot;(function() { // Copyright (c) 2012 The Chromium Authors. All rights reserved.\n// Use of this source code is governed by a BSD-style license that can be\n// found in the LICENSE file.\n\n/**\n * Enum f...&quot;,
   &quot;returnByValue&quot;: true
}
[1664203329,742][DEBUG]: DevTools WebSocket Response: Runtime.evaluate (id=28) 36FF8643EFB745BF1FD92B9E552C6E89 {
   &quot;result&quot;: {
      &quot;type&quot;: &quot;object&quot;,
      &quot;value&quot;: {
         &quot;status&quot;: 0,
         &quot;value&quot;: &quot;a&quot;
      }
   }
}
[1664203329,743][DEBUG]: DevTools WebSocket Command: Runtime.evaluate (id=29) 36FF8643EFB745BF1FD92B9E552C6E89 {
   &quot;awaitPromise&quot;: true,
   &quot;expression&quot;: &quot;(function() { // Copyright (c) 2012 The Chromium Authors. All rights reserved.\n// Use of this source code is governed by a BSD-style license that can be\n// found in the LICENSE file.\n\n/**\n * Enum f...&quot;,
   &quot;returnByValue&quot;: true
}
[1664203329,748][DEBUG]: DevTools WebSocket Response: Runtime.evaluate (id=29) 36FF8643EFB745BF1FD92B9E552C6E89 {
   &quot;result&quot;: {
      &quot;type&quot;: &quot;object&quot;,
      &quot;value&quot;: {
         &quot;status&quot;: 0,
         &quot;value&quot;: true
      }
   }
}
[1664203329,749][DEBUG]: DevTools WebSocket Command: Runtime.evaluate (id=30) 36FF8643EFB745BF1FD92B9E552C6E89 {
   &quot;awaitPromise&quot;: true,
   &quot;expression&quot;: &quot;(function() { // Copyright (c) 2012 The Chromium Authors. All rights reserved.\n// Use of this source code is governed by a BSD-style license that can be\n// found in the LICENSE file.\n\n/**\n * Enum f...&quot;,
   &quot;returnByValue&quot;: true
}
[1664203329,753][DEBUG]: DevTools WebSocket Response: Runtime.evaluate (id=30) 36FF8643EFB745BF1FD92B9E552C6E89 {
   &quot;result&quot;: {
      &quot;type&quot;: &quot;object&quot;,
      &quot;value&quot;: {
         &quot;status&quot;: 0,
         &quot;value&quot;: {
            &quot;height&quot;: 15,
            &quot;left&quot;: 0,
            &quot;top&quot;: 0,
            &quot;width&quot;: 48.421875
         }
      }
   }
}
[1664203329,754][DEBUG]: DevTools WebSocket Command: Runtime.evaluate (id=31) 36FF8643EFB745BF1FD92B9E552C6E89 {
   &quot;awaitPromise&quot;: true,
   &quot;expression&quot;: &quot;(function() { // Copyright (c) 2012 The Chromium Authors. All rights reserved.\n// Use of this source code is governed by a BSD-style license that can be\n// found in the LICENSE file.\n\n/**\n * Enum f...&quot;,
   &quot;returnByValue&quot;: true
}
[1664203329,758][DEBUG]: DevTools WebSocket Response: Runtime.evaluate (id=31) 36FF8643EFB745BF1FD92B9E552C6E89 {
   &quot;result&quot;: {
      &quot;type&quot;: &quot;object&quot;,
      &quot;value&quot;: {
         &quot;status&quot;: 0,
         &quot;value&quot;: {
            &quot;ceil&quot;: {
            },
            &quot;clone&quot;: {
            },
            &quot;floor&quot;: {
            },
            &quot;round&quot;: {
            },
            &quot;scale&quot;: {
            },
            &quot;translate&quot;: {
            },
            &quot;x&quot;: 574.5,
            &quot;y&quot;: 432.0625
         }
      }
   }
}
[1664203329,759][DEBUG]: DevTools WebSocket Command: Runtime.evaluate (id=32) 36FF8643EFB745BF1FD92B9E552C6E89 {
   &quot;awaitPromise&quot;: true,
   &quot;expression&quot;: &quot;(function() { // Copyright (c) 2012 The Chromium Authors. All rights reserved.\n// Use of this source code is governed by a BSD-style license that can be\n// found in the LICENSE file.\n\n/**\n * Enum f...&quot;,
   &quot;returnByValue&quot;: true
}
[1664203329,762][DEBUG]: DevTools WebSocket Response: Runtime.evaluate (id=32) 36FF8643EFB745BF1FD92B9E552C6E89 {
   &quot;result&quot;: {
      &quot;type&quot;: &quot;object&quot;,
      &quot;value&quot;: {
         &quot;status&quot;: 0,
         &quot;value&quot;: {
            &quot;clickable&quot;: true
         }
      }
   }
}
[1664203329,762][DEBUG]: DevTools WebSocket Command: Input.dispatchMouseEvent (id=33) 36FF8643EFB745BF1FD92B9E552C6E89 {
   &quot;button&quot;: &quot;none&quot;,
   &quot;buttons&quot;: 0,
   &quot;clickCount&quot;: 0,
   &quot;force&quot;: 0.0,
   &quot;modifiers&quot;: 0,
   &quot;pointerType&quot;: &quot;mouse&quot;,
   &quot;tangentialPressure&quot;: 0.0,
   &quot;tiltX&quot;: 0,
   &quot;tiltY&quot;: 0,
   &quot;twist&quot;: 0,
   &quot;type&quot;: &quot;mouseMoved&quot;,
   &quot;x&quot;: 598,
   &quot;y&quot;: 439
}
[1664203329,762][DEBUG]: DevTools WebSocket Command: Input.dispatchMouseEvent (id=34) 36FF8643EFB745BF1FD92B9E552C6E89 {
   &quot;button&quot;: &quot;left&quot;,
   &quot;buttons&quot;: 0,
   &quot;clickCount&quot;: 1,
   &quot;force&quot;: 0.0,
   &quot;modifiers&quot;: 0,
   &quot;pointerType&quot;: &quot;mouse&quot;,
   &quot;tangentialPressure&quot;: 0.0,
   &quot;tiltX&quot;: 0,
   &quot;tiltY&quot;: 0,
   &quot;twist&quot;: 0,
   &quot;type&quot;: &quot;mousePressed&quot;,
   &quot;x&quot;: 598,
   &quot;y&quot;: 439
}
[1664203329,762][DEBUG]: DevTools WebSocket Command: Input.dispatchMouseEvent (id=35) 36FF8643EFB745BF1FD92B9E552C6E89 {
   &quot;button&quot;: &quot;left&quot;,
   &quot;buttons&quot;: 1,
   &quot;clickCount&quot;: 1,
   &quot;force&quot;: 0.0,
   &quot;modifiers&quot;: 0,
   &quot;pointerType&quot;: &quot;mouse&quot;,
   &quot;tangentialPressure&quot;: 0.0,
   &quot;tiltX&quot;: 0,
   &quot;tiltY&quot;: 0,
   &quot;twist&quot;: 0,
   &quot;type&quot;: &quot;mouseReleased&quot;,
   &quot;x&quot;: 598,
   &quot;y&quot;: 439
}
[1664203329,765][DEBUG]: DevTools WebSocket Response: Input.dispatchMouseEvent (id=33) 36FF8643EFB745BF1FD92B9E552C6E89 {
}
[1664203329,779][DEBUG]: DevTools WebSocket Response: Input.dispatchMouseEvent (id=34) 36FF8643EFB745BF1FD92B9E552C6E89 {
}
[1664203329,779][DEBUG]: DevTools WebSocket Response: Input.dispatchMouseEvent (id=35) 36FF8643EFB745BF1FD92B9E552C6E89 {
}
[1664203329,779][INFO]: Waiting for pending navigations...
[1664203329,779][DEBUG]: DevTools WebSocket Command: Runtime.evaluate (id=36) 36FF8643EFB745BF1FD92B9E552C6E89 {
   &quot;expression&quot;: &quot;1&quot;
}
[1664203329,781][DEBUG]: DevTools WebSocket Event: Page.frameScheduledNavigation 36FF8643EFB745BF1FD92B9E552C6E89 {
   &quot;delay&quot;: 0,
   &quot;frameId&quot;: &quot;36FF8643EFB745BF1FD92B9E552C6E89&quot;,
   &quot;reason&quot;: &quot;anchorClick&quot;,
   &quot;url&quot;: &quot;https://parabank.parasoft.com/parabank/register.htm;jsessionid=00C598763375D208EE2E49B5EE76C73D&quot;
}
[1664203329,781][DEBUG]: DevTools WebSocket Event: Page.frameRequestedNavigation 36FF8643EFB745BF1FD92B9E552C6E89 {
   &quot;disposition&quot;: &quot;currentTab&quot;,
   &quot;frameId&quot;: &quot;36FF8643EFB745BF1FD92B9E552C6E89&quot;,
   &quot;reason&quot;: &quot;anchorClick&quot;,
   &quot;url&quot;: &quot;https://parabank.parasoft.com/parabank/register.htm;jsessionid=00C598763375D208EE2E49B5EE76C73D&quot;
}
[1664203329,781][DEBUG]: DevTools WebSocket Event: Page.frameStartedLoading 36FF8643EFB745BF1FD92B9E552C6E89 {
   &quot;frameId&quot;: &quot;36FF8643EFB745BF1FD92B9E552C6E89&quot;
}
[1664203329,784][DEBUG]: DevTools WebSocket Event: Page.frameClearedScheduledNavigation 36FF8643EFB745BF1FD92B9E552C6E89 {
   &quot;frameId&quot;: &quot;36FF8643EFB745BF1FD92B9E552C6E89&quot;
}
[1664203330,022][DEBUG]: DevTools WebSocket Event: Runtime.executionContextsCleared 36FF8643EFB745BF1FD92B9E552C6E89 {
}
[1664203330,022][DEBUG]: DevTools WebSocket Event: Page.frameNavigated 36FF8643EFB745BF1FD92B9E552C6E89 {
   &quot;frame&quot;: {
      &quot;adFrameStatus&quot;: {
         &quot;adFrameType&quot;: &quot;none&quot;
      },
      &quot;crossOriginIsolatedContextType&quot;: &quot;NotIsolated&quot;,
      &quot;domainAndRegistry&quot;: &quot;parasoft.com&quot;,
      &quot;gatedAPIFeatures&quot;: [  ],
      &quot;id&quot;: &quot;36FF8643EFB745BF1FD92B9E552C6E89&quot;,
      &quot;loaderId&quot;: &quot;21B7A7632E3B7BB136C6C0BBBB6FD6D7&quot;,
      &quot;mimeType&quot;: &quot;text/html&quot;,
      &quot;secureContextType&quot;: &quot;Secure&quot;,
      &quot;securityOrigin&quot;: &quot;https://parabank.parasoft.com&quot;,
      &quot;url&quot;: &quot;https://parabank.parasoft.com/parabank/register.htm;jsessionid=00C598763375D208EE2E49B5EE76C73D&quot;
   },
   &quot;type&quot;: &quot;Navigation&quot;
}
[1664203330,022][DEBUG]: DevTools WebSocket Event: Runtime.executionContextCreated 36FF8643EFB745BF1FD92B9E552C6E89 {
   &quot;context&quot;: {
      &quot;auxData&quot;: {
         &quot;frameId&quot;: &quot;36FF8643EFB745BF1FD92B9E552C6E89&quot;,
         &quot;isDefault&quot;: true,
         &quot;type&quot;: &quot;default&quot;
      },
      &quot;id&quot;: 2,
      &quot;name&quot;: &quot;&quot;,
      &quot;origin&quot;: &quot;https://parabank.parasoft.com&quot;,
      &quot;uniqueId&quot;: &quot;-3985552872434504896.2718711969181550292&quot;
   }
}
[1664203330,022][DEBUG]: DevTools WebSocket Response: Runtime.evaluate (id=36) 36FF8643EFB745BF1FD92B9E552C6E89 {
   &quot;result&quot;: {
      &quot;description&quot;: &quot;1&quot;,
      &quot;type&quot;: &quot;number&quot;,
      &quot;value&quot;: 1
   }
}
[20523:20523:0926/114210.150310:ERROR:object_proxy.cc(623)] Failed to call method: org.freedesktop.ScreenSaver.GetActive: object_path= /org/freedesktop/ScreenSaver: org.freedesktop.DBus.Error.NotSupported: This method is not implemented
[1664203330,156][DEBUG]: DevTools WebSocket Event: Log.entryAdded 36FF8643EFB745BF1FD92B9E552C6E89 {
   &quot;entry&quot;: {
      &quot;args&quot;: [ {
         &quot;className&quot;: &quot;HTMLInputElement&quot;,
         &quot;description&quot;: &quot;input.input&quot;,
         &quot;objectId&quot;: &quot;-6911687748606428388.2.1&quot;,
         &quot;subtype&quot;: &quot;node&quot;,
         &quot;type&quot;: &quot;object&quot;
      } ],
      &quot;level&quot;: &quot;verbose&quot;,
      &quot;source&quot;: &quot;recommendation&quot;,
      &quot;text&quot;: &quot;[DOM] Input elements should have autocomplete attributes (suggested: \&quot;current-password\&quot;): (More info: https://www.chromium.org/developers/design-documents/create-amazing-password-forms) %o&quot;,
      &quot;timestamp&quot;: 1.664203330155924e+12,
      &quot;url&quot;: &quot;https://parabank.parasoft.com/parabank/register.htm;jsessionid=00C598763375D208EE2E49B5EE76C73D&quot;
   }
}
[1664203330,156][DEBUG]: DevTools WebSocket Event: Log.entryAdded 36FF8643EFB745BF1FD92B9E552C6E89 {
   &quot;entry&quot;: {
      &quot;args&quot;: [ {
         &quot;className&quot;: &quot;HTMLInputElement&quot;,
         &quot;description&quot;: &quot;input#customer.password.input&quot;,
         &quot;objectId&quot;: &quot;-6911687748606428388.2.2&quot;,
         &quot;subtype&quot;: &quot;node&quot;,
         &quot;type&quot;: &quot;object&quot;
      } ],
      &quot;level&quot;: &quot;verbose&quot;,
      &quot;source&quot;: &quot;recommendation&quot;,
      &quot;text&quot;: &quot;[DOM] Input elements should have autocomplete attributes (suggested: \&quot;new-password\&quot;): (More info: https://www.chromium.org/developers/design-documents/create-amazing-password-forms) %o&quot;,
      &quot;timestamp&quot;: 1.664203330156025e+12,
      &quot;url&quot;: &quot;https://parabank.parasoft.com/parabank/register.htm;jsessionid=00C598763375D208EE2E49B5EE76C73D&quot;
   }
}
[1664203330,157][DEBUG]: DevTools WebSocket Event: Log.entryAdded 36FF8643EFB745BF1FD92B9E552C6E89 {
   &quot;entry&quot;: {
      &quot;args&quot;: [ {
         &quot;className&quot;: &quot;HTMLInputElement&quot;,
         &quot;description&quot;: &quot;input#repeatedPassword.input&quot;,
         &quot;objectId&quot;: &quot;-6911687748606428388.2.3&quot;,
         &quot;subtype&quot;: &quot;node&quot;,
         &quot;type&quot;: &quot;object&quot;
      } ],
      &quot;level&quot;: &quot;verbose&quot;,
      &quot;source&quot;: &quot;recommendation&quot;,
      &quot;text&quot;: &quot;[DOM] Input elements should have autocomplete attributes (suggested: \&quot;new-password\&quot;): (More info: https://www.chromium.org/developers/design-documents/create-amazing-password-forms) %o&quot;,
      &quot;timestamp&quot;: 1.664203330156056e+12,
      &quot;url&quot;: &quot;https://parabank.parasoft.com/parabank/register.htm;jsessionid=00C598763375D208EE2E49B5EE76C73D&quot;
   }
}
[1664203330,157][DEBUG]: DevTools WebSocket Command: Runtime.evaluate (id=37) 36FF8643EFB745BF1FD92B9E552C6E89 {
   &quot;expression&quot;: &quot;1&quot;
}
[1664203330,164][DEBUG]: DevTools WebSocket Event: Page.domContentEventFired 36FF8643EFB745BF1FD92B9E552C6E89 {
   &quot;timestamp&quot;: 4174.234948
}
[1664203330,164][DEBUG]: DevTools WebSocket Response: Runtime.evaluate (id=37) 36FF8643EFB745BF1FD92B9E552C6E89 {
   &quot;result&quot;: {
      &quot;description&quot;: &quot;1&quot;,
      &quot;type&quot;: &quot;number&quot;,
      &quot;value&quot;: 1
   }
}
[1664203330,188][DEBUG]: DevTools WebSocket Event: Page.loadEventFired 36FF8643EFB745BF1FD92B9E552C6E89 {
   &quot;timestamp&quot;: 4174.26433
}
[1664203330,188][DEBUG]: DevTools WebSocket Command: Runtime.evaluate (id=38) 36FF8643EFB745BF1FD92B9E552C6E89 {
   &quot;awaitPromise&quot;: false,
   &quot;expression&quot;: &quot;document.readyState&quot;,
   &quot;returnByValue&quot;: true
}
[1664203330,188][DEBUG]: DevTools WebSocket Event: Page.frameStoppedLoading 36FF8643EFB745BF1FD92B9E552C6E89 {
   &quot;frameId&quot;: &quot;36FF8643EFB745BF1FD92B9E552C6E89&quot;
}
[1664203330,188][DEBUG]: DevTools WebSocket Event: Page.frameResized 36FF8643EFB745BF1FD92B9E552C6E89 {
}
[1664203330,189][DEBUG]: DevTools WebSocket Response: Runtime.evaluate (id=38) 36FF8643EFB745BF1FD92B9E552C6E89 {
   &quot;result&quot;: {
      &quot;type&quot;: &quot;string&quot;,
      &quot;value&quot;: &quot;complete&quot;
   }
}
[1664203330,189][DEBUG]: DevTools WebSocket Command: Runtime.evaluate (id=39) 36FF8643EFB745BF1FD92B9E552C6E89 {
   &quot;expression&quot;: &quot;1&quot;
}
[1664203330,189][DEBUG]: DevTools WebSocket Response: Runtime.evaluate (id=39) 36FF8643EFB745BF1FD92B9E552C6E89 {
   &quot;result&quot;: {
      &quot;description&quot;: &quot;1&quot;,
      &quot;type&quot;: &quot;number&quot;,
      &quot;value&quot;: 1
   }
}
[1664203330,189][INFO]: Done waiting for pending navigations. Status: ok
[1664203330,189][INFO]: [054090904ec2838a7cbf889f1b629cce] RESPONSE ClickElement
[1664203333,391][INFO]: [054090904ec2838a7cbf889f1b629cce] COMMAND FindElement {
   &quot;using&quot;: &quot;css selector&quot;,
   &quot;value&quot;: &quot;#customer\\.firstName&quot;
}
[1664203333,391][INFO]: Waiting for pending navigations...
[1664203333,391][DEBUG]: DevTools WebSocket Command: Runtime.evaluate (id=40) 36FF8643EFB745BF1FD92B9E552C6E89 {
   &quot;expression&quot;: &quot;1&quot;
}
[1664203333,392][DEBUG]: DevTools WebSocket Response: Runtime.evaluate (id=40) 36FF8643EFB745BF1FD92B9E552C6E89 {
   &quot;result&quot;: {
      &quot;description&quot;: &quot;1&quot;,
      &quot;type&quot;: &quot;number&quot;,
      &quot;value&quot;: 1
   }
}
[1664203333,392][INFO]: Done waiting for pending navigations. Status: ok
[1664203333,393][DEBUG]: DevTools WebSocket Command: Runtime.evaluate (id=41) 36FF8643EFB745BF1FD92B9E552C6E89 {
   &quot;awaitPromise&quot;: true,
   &quot;expression&quot;: &quot;(function() { // Copyright (c) 2012 The Chromium Authors. All rights reserved.\n// Use of this source code is governed by a BSD-style license that can be\n// found in the LICENSE file.\n\n/**\n * Enum f...&quot;,
   &quot;returnByValue&quot;: true
}
[1664203333,399][DEBUG]: DevTools WebSocket Response: Runtime.evaluate (id=41) 36FF8643EFB745BF1FD92B9E552C6E89 {
   &quot;result&quot;: {
      &quot;type&quot;: &quot;object&quot;,
      &quot;value&quot;: {
         &quot;status&quot;: 0,
         &quot;value&quot;: {
            &quot;element-6066-11e4-a52e-4f735466cecf&quot;: &quot;3eddebd5-fd97-471b-bc3c-c336f433bd36&quot;
         }
      }
   }
}
[1664203333,399][INFO]: Waiting for pending navigations...
[1664203333,399][DEBUG]: DevTools WebSocket Command: Runtime.evaluate (id=42) 36FF8643EFB745BF1FD92B9E552C6E89 {
   &quot;expression&quot;: &quot;1&quot;
}
[1664203333,401][DEBUG]: DevTools WebSocket Response: Runtime.evaluate (id=42) 36FF8643EFB745BF1FD92B9E552C6E89 {
   &quot;result&quot;: {
      &quot;description&quot;: &quot;1&quot;,
      &quot;type&quot;: &quot;number&quot;,
      &quot;value&quot;: 1
   }
}
[1664203333,401][INFO]: Done waiting for pending navigations. Status: ok
[1664203333,401][INFO]: [054090904ec2838a7cbf889f1b629cce] RESPONSE FindElement {
   &quot;element-6066-11e4-a52e-4f735466cecf&quot;: &quot;3eddebd5-fd97-471b-bc3c-c336f433bd36&quot;
}
[1664203333,404][INFO]: [054090904ec2838a7cbf889f1b629cce] COMMAND FindElement {
   &quot;using&quot;: &quot;css selector&quot;,
   &quot;value&quot;: &quot;#customer\\.lastName&quot;
}
[1664203333,404][INFO]: Waiting for pending navigations...
[1664203333,404][DEBUG]: DevTools WebSocket Command: Runtime.evaluate (id=43) 36FF8643EFB745BF1FD92B9E552C6E89 {
   &quot;expression&quot;: &quot;1&quot;
}
[1664203333,405][DEBUG]: DevTools WebSocket Response: Runtime.evaluate (id=43) 36FF8643EFB745BF1FD92B9E552C6E89 {
   &quot;result&quot;: {
      &quot;description&quot;: &quot;1&quot;,
      &quot;type&quot;: &quot;number&quot;,
      &quot;value&quot;: 1
   }
}
[1664203333,405][INFO]: Done waiting for pending navigations. Status: ok
[1664203333,407][DEBUG]: DevTools WebSocket Command: Runtime.evaluate (id=44) 36FF8643EFB745BF1FD92B9E552C6E89 {
   &quot;awaitPromise&quot;: true,
   &quot;expression&quot;: &quot;(function() { // Copyright (c) 2012 The Chromium Authors. All rights reserved.\n// Use of this source code is governed by a BSD-style license that can be\n// found in the LICENSE file.\n\n/**\n * Enum f...&quot;,
   &quot;returnByValue&quot;: true
}
[1664203333,412][DEBUG]: DevTools WebSocket Response: Runtime.evaluate (id=44) 36FF8643EFB745BF1FD92B9E552C6E89 {
   &quot;result&quot;: {
      &quot;type&quot;: &quot;object&quot;,
      &quot;value&quot;: {
         &quot;status&quot;: 0,
         &quot;value&quot;: {
            &quot;element-6066-11e4-a52e-4f735466cecf&quot;: &quot;38d417f5-4a84-4a57-b4ba-626021212731&quot;
         }
      }
   }
}
[1664203333,412][INFO]: Waiting for pending navigations...
[1664203333,412][DEBUG]: DevTools WebSocket Command: Runtime.evaluate (id=45) 36FF8643EFB745BF1FD92B9E552C6E89 {
   &quot;expression&quot;: &quot;1&quot;
}
[1664203333,414][DEBUG]: DevTools WebSocket Response: Runtime.evaluate (id=45) 36FF8643EFB745BF1FD92B9E552C6E89 {
   &quot;result&quot;: {
      &quot;description&quot;: &quot;1&quot;,
      &quot;type&quot;: &quot;number&quot;,
      &quot;value&quot;: 1
   }
}
[1664203333,414][INFO]: Done waiting for pending navigations. Status: ok
[1664203333,414][INFO]: [054090904ec2838a7cbf889f1b629cce] RESPONSE FindElement {
   &quot;element-6066-11e4-a52e-4f735466cecf&quot;: &quot;38d417f5-4a84-4a57-b4ba-626021212731&quot;
}
[1664203333,416][INFO]: [054090904ec2838a7cbf889f1b629cce] COMMAND FindElement {
   &quot;using&quot;: &quot;css selector&quot;,
   &quot;value&quot;: &quot;#customer\\.address\\.street&quot;
}
[1664203333,416][INFO]: Waiting for pending navigations...
[1664203333,416][DEBUG]: DevTools WebSocket Command: Runtime.evaluate (id=46) 36FF8643EFB745BF1FD92B9E552C6E89 {
   &quot;expression&quot;: &quot;1&quot;
}
[1664203333,417][DEBUG]: DevTools WebSocket Response: Runtime.evaluate (id=46) 36FF8643EFB745BF1FD92B9E552C6E89 {
   &quot;result&quot;: {
      &quot;description&quot;: &quot;1&quot;,
      &quot;type&quot;: &quot;number&quot;,
      &quot;value&quot;: 1
   }
}
[1664203333,417][INFO]: Done waiting for pending navigations. Status: ok
[1664203333,418][DEBUG]: DevTools WebSocket Command: Runtime.evaluate (id=47) 36FF8643EFB745BF1FD92B9E552C6E89 {
   &quot;awaitPromise&quot;: true,
   &quot;expression&quot;: &quot;(function() { // Copyright (c) 2012 The Chromium Authors. All rights reserved.\n// Use of this source code is governed by a BSD-style license that can be\n// found in the LICENSE file.\n\n/**\n * Enum f...&quot;,
   &quot;returnByValue&quot;: true
}
[1664203333,423][DEBUG]: DevTools WebSocket Response: Runtime.evaluate (id=47) 36FF8643EFB745BF1FD92B9E552C6E89 {
   &quot;result&quot;: {
      &quot;type&quot;: &quot;object&quot;,
      &quot;value&quot;: {
         &quot;status&quot;: 0,
         &quot;value&quot;: {
            &quot;element-6066-11e4-a52e-4f735466cecf&quot;: &quot;2a41926f-4d85-42de-9f84-1f8fecd7cd2d&quot;
         }
      }
   }
}
[1664203333,423][INFO]: Waiting for pending navigations...
[1664203333,423][DEBUG]: DevTools WebSocket Command: Runtime.evaluate (id=48) 36FF8643EFB745BF1FD92B9E552C6E89 {
   &quot;expression&quot;: &quot;1&quot;
}
[1664203333,424][DEBUG]: DevTools WebSocket Response: Runtime.evaluate (id=48) 36FF8643EFB745BF1FD92B9E552C6E89 {
   &quot;result&quot;: {
      &quot;description&quot;: &quot;1&quot;,
      &quot;type&quot;: &quot;number&quot;,
      &quot;value&quot;: 1
   }
}
[1664203333,424][INFO]: Done waiting for pending navigations. Status: ok
[1664203333,424][INFO]: [054090904ec2838a7cbf889f1b629cce] RESPONSE FindElement {
   &quot;element-6066-11e4-a52e-4f735466cecf&quot;: &quot;2a41926f-4d85-42de-9f84-1f8fecd7cd2d&quot;
}
[1664203333,426][INFO]: [054090904ec2838a7cbf889f1b629cce] COMMAND FindElement {
   &quot;using&quot;: &quot;css selector&quot;,
   &quot;value&quot;: &quot;#customer\\.address\\.city&quot;
}
[1664203333,426][INFO]: Waiting for pending navigations...
[1664203333,426][DEBUG]: DevTools WebSocket Command: Runtime.evaluate (id=49) 36FF8643EFB745BF1FD92B9E552C6E89 {
   &quot;expression&quot;: &quot;1&quot;
}
[1664203333,426][DEBUG]: DevTools WebSocket Response: Runtime.evaluate (id=49) 36FF8643EFB745BF1FD92B9E552C6E89 {
   &quot;result&quot;: {
      &quot;description&quot;: &quot;1&quot;,
      &quot;type&quot;: &quot;number&quot;,
      &quot;value&quot;: 1
   }
}
[1664203333,426][INFO]: Done waiting for pending navigations. Status: ok
[1664203333,428][DEBUG]: DevTools WebSocket Command: Runtime.evaluate (id=50) 36FF8643EFB745BF1FD92B9E552C6E89 {
   &quot;awaitPromise&quot;: true,
   &quot;expression&quot;: &quot;(function() { // Copyright (c) 2012 The Chromium Authors. All rights reserved.\n// Use of this source code is governed by a BSD-style license that can be\n// found in the LICENSE file.\n\n/**\n * Enum f...&quot;,
   &quot;returnByValue&quot;: true
}
[1664203333,433][DEBUG]: DevTools WebSocket Response: Runtime.evaluate (id=50) 36FF8643EFB745BF1FD92B9E552C6E89 {
   &quot;result&quot;: {
      &quot;type&quot;: &quot;object&quot;,
      &quot;value&quot;: {
         &quot;status&quot;: 0,
         &quot;value&quot;: {
            &quot;element-6066-11e4-a52e-4f735466cecf&quot;: &quot;4a5b3876-8ba6-499a-91b6-816f155d8056&quot;
         }
      }
   }
}
[1664203333,433][INFO]: Waiting for pending navigations...
[1664203333,433][DEBUG]: DevTools WebSocket Command: Runtime.evaluate (id=51) 36FF8643EFB745BF1FD92B9E552C6E89 {
   &quot;expression&quot;: &quot;1&quot;
}
[1664203333,433][DEBUG]: DevTools WebSocket Response: Runtime.evaluate (id=51) 36FF8643EFB745BF1FD92B9E552C6E89 {
   &quot;result&quot;: {
      &quot;description&quot;: &quot;1&quot;,
      &quot;type&quot;: &quot;number&quot;,
      &quot;value&quot;: 1
   }
}
[1664203333,433][INFO]: Done waiting for pending navigations. Status: ok
[1664203333,433][INFO]: [054090904ec2838a7cbf889f1b629cce] RESPONSE FindElement {
   &quot;element-6066-11e4-a52e-4f735466cecf&quot;: &quot;4a5b3876-8ba6-499a-91b6-816f155d8056&quot;
}
[1664203333,436][INFO]: [054090904ec2838a7cbf889f1b629cce] COMMAND FindElement {
   &quot;using&quot;: &quot;css selector&quot;,
   &quot;value&quot;: &quot;#customer\\.address\\.state&quot;
}
[1664203333,436][INFO]: Waiting for pending navigations...
[1664203333,436][DEBUG]: DevTools WebSocket Command: Runtime.evaluate (id=52) 36FF8643EFB745BF1FD92B9E552C6E89 {
   &quot;expression&quot;: &quot;1&quot;
}
[1664203333,437][DEBUG]: DevTools WebSocket Response: Runtime.evaluate (id=52) 36FF8643EFB745BF1FD92B9E552C6E89 {
   &quot;result&quot;: {
      &quot;description&quot;: &quot;1&quot;,
      &quot;type&quot;: &quot;number&quot;,
      &quot;value&quot;: 1
   }
}
[1664203333,437][INFO]: Done waiting for pending navigations. Status: ok
[1664203333,438][DEBUG]: DevTools WebSocket Command: Runtime.evaluate (id=53) 36FF8643EFB745BF1FD92B9E552C6E89 {
   &quot;awaitPromise&quot;: true,
   &quot;expression&quot;: &quot;(function() { // Copyright (c) 2012 The Chromium Authors. All rights reserved.\n// Use of this source code is governed by a BSD-style license that can be\n// found in the LICENSE file.\n\n/**\n * Enum f...&quot;,
   &quot;returnByValue&quot;: true
}
[1664203333,444][DEBUG]: DevTools WebSocket Response: Runtime.evaluate (id=53) 36FF8643EFB745BF1FD92B9E552C6E89 {
   &quot;result&quot;: {
      &quot;type&quot;: &quot;object&quot;,
      &quot;value&quot;: {
         &quot;status&quot;: 0,
         &quot;value&quot;: {
            &quot;element-6066-11e4-a52e-4f735466cecf&quot;: &quot;b0f99d01-3f50-4225-b4f5-7b628588e54f&quot;
         }
      }
   }
}
[1664203333,444][INFO]: Waiting for pending navigations...
[1664203333,444][DEBUG]: DevTools WebSocket Command: Runtime.evaluate (id=54) 36FF8643EFB745BF1FD92B9E552C6E89 {
   &quot;expression&quot;: &quot;1&quot;
}
[1664203333,445][DEBUG]: DevTools WebSocket Response: Runtime.evaluate (id=54) 36FF8643EFB745BF1FD92B9E552C6E89 {
   &quot;result&quot;: {
      &quot;description&quot;: &quot;1&quot;,
      &quot;type&quot;: &quot;number&quot;,
      &quot;value&quot;: 1
   }
}
[1664203333,445][INFO]: Done waiting for pending navigations. Status: ok
[1664203333,445][INFO]: [054090904ec2838a7cbf889f1b629cce] RESPONSE FindElement {
   &quot;element-6066-11e4-a52e-4f735466cecf&quot;: &quot;b0f99d01-3f50-4225-b4f5-7b628588e54f&quot;
}
[1664203333,448][INFO]: [054090904ec2838a7cbf889f1b629cce] COMMAND FindElement {
   &quot;using&quot;: &quot;css selector&quot;,
   &quot;value&quot;: &quot;#customer\\.address\\.zipCode&quot;
}
[1664203333,448][INFO]: Waiting for pending navigations...
[1664203333,448][DEBUG]: DevTools WebSocket Command: Runtime.evaluate (id=55) 36FF8643EFB745BF1FD92B9E552C6E89 {
   &quot;expression&quot;: &quot;1&quot;
}
[1664203333,448][DEBUG]: DevTools WebSocket Response: Runtime.evaluate (id=55) 36FF8643EFB745BF1FD92B9E552C6E89 {
   &quot;result&quot;: {
      &quot;description&quot;: &quot;1&quot;,
      &quot;type&quot;: &quot;number&quot;,
      &quot;value&quot;: 1
   }
}
[1664203333,448][INFO]: Done waiting for pending navigations. Status: ok
[1664203333,450][DEBUG]: DevTools WebSocket Command: Runtime.evaluate (id=56) 36FF8643EFB745BF1FD92B9E552C6E89 {
   &quot;awaitPromise&quot;: true,
   &quot;expression&quot;: &quot;(function() { // Copyright (c) 2012 The Chromium Authors. All rights reserved.\n// Use of this source code is governed by a BSD-style license that can be\n// found in the LICENSE file.\n\n/**\n * Enum f...&quot;,
   &quot;returnByValue&quot;: true
}
[1664203333,454][DEBUG]: DevTools WebSocket Response: Runtime.evaluate (id=56) 36FF8643EFB745BF1FD92B9E552C6E89 {
   &quot;result&quot;: {
      &quot;type&quot;: &quot;object&quot;,
      &quot;value&quot;: {
         &quot;status&quot;: 0,
         &quot;value&quot;: {
            &quot;element-6066-11e4-a52e-4f735466cecf&quot;: &quot;435ad786-3767-4c92-bedc-8f1d836e6a25&quot;
         }
      }
   }
}
[1664203333,454][INFO]: Waiting for pending navigations...
[1664203333,454][DEBUG]: DevTools WebSocket Command: Runtime.evaluate (id=57) 36FF8643EFB745BF1FD92B9E552C6E89 {
   &quot;expression&quot;: &quot;1&quot;
}
[1664203333,455][DEBUG]: DevTools WebSocket Response: Runtime.evaluate (id=57) 36FF8643EFB745BF1FD92B9E552C6E89 {
   &quot;result&quot;: {
      &quot;description&quot;: &quot;1&quot;,
      &quot;type&quot;: &quot;number&quot;,
      &quot;value&quot;: 1
   }
}
[1664203333,455][INFO]: Done waiting for pending navigations. Status: ok
[1664203333,455][INFO]: [054090904ec2838a7cbf889f1b629cce] RESPONSE FindElement {
   &quot;element-6066-11e4-a52e-4f735466cecf&quot;: &quot;435ad786-3767-4c92-bedc-8f1d836e6a25&quot;
}
[1664203333,457][INFO]: [054090904ec2838a7cbf889f1b629cce] COMMAND FindElement {
   &quot;using&quot;: &quot;css selector&quot;,
   &quot;value&quot;: &quot;#customer\\.phoneNumber&quot;
}
[1664203333,457][INFO]: Waiting for pending navigations...
[1664203333,457][DEBUG]: DevTools WebSocket Command: Runtime.evaluate (id=58) 36FF8643EFB745BF1FD92B9E552C6E89 {
   &quot;expression&quot;: &quot;1&quot;
}
[1664203333,457][DEBUG]: DevTools WebSocket Response: Runtime.evaluate (id=58) 36FF8643EFB745BF1FD92B9E552C6E89 {
   &quot;result&quot;: {
      &quot;description&quot;: &quot;1&quot;,
      &quot;type&quot;: &quot;number&quot;,
      &quot;value&quot;: 1
   }
}
[1664203333,457][INFO]: Done waiting for pending navigations. Status: ok
[1664203333,459][DEBUG]: DevTools WebSocket Command: Runtime.evaluate (id=59) 36FF8643EFB745BF1FD92B9E552C6E89 {
   &quot;awaitPromise&quot;: true,
   &quot;expression&quot;: &quot;(function() { // Copyright (c) 2012 The Chromium Authors. All rights reserved.\n// Use of this source code is governed by a BSD-style license that can be\n// found in the LICENSE file.\n\n/**\n * Enum f...&quot;,
   &quot;returnByValue&quot;: true
}
[1664203333,465][DEBUG]: DevTools WebSocket Response: Runtime.evaluate (id=59) 36FF8643EFB745BF1FD92B9E552C6E89 {
   &quot;result&quot;: {
      &quot;type&quot;: &quot;object&quot;,
      &quot;value&quot;: {
         &quot;status&quot;: 0,
         &quot;value&quot;: {
            &quot;element-6066-11e4-a52e-4f735466cecf&quot;: &quot;19482b56-6c4d-4eb1-8f11-749f90b272ab&quot;
         }
      }
   }
}
[1664203333,465][INFO]: Waiting for pending navigations...
[1664203333,465][DEBUG]: DevTools WebSocket Command: Runtime.evaluate (id=60) 36FF8643EFB745BF1FD92B9E552C6E89 {
   &quot;expression&quot;: &quot;1&quot;
}
[1664203333,465][DEBUG]: DevTools WebSocket Response: Runtime.evaluate (id=60) 36FF8643EFB745BF1FD92B9E552C6E89 {
   &quot;result&quot;: {
      &quot;description&quot;: &quot;1&quot;,
      &quot;type&quot;: &quot;number&quot;,
      &quot;value&quot;: 1
   }
}
[1664203333,465][INFO]: Done waiting for pending navigations. Status: ok
[1664203333,465][INFO]: [054090904ec2838a7cbf889f1b629cce] RESPONSE FindElement {
   &quot;element-6066-11e4-a52e-4f735466cecf&quot;: &quot;19482b56-6c4d-4eb1-8f11-749f90b272ab&quot;
}
[1664203333,467][INFO]: [054090904ec2838a7cbf889f1b629cce] COMMAND FindElement {
   &quot;using&quot;: &quot;css selector&quot;,
   &quot;value&quot;: &quot;#customer\\.ssn&quot;
}
[1664203333,467][INFO]: Waiting for pending navigations...
[1664203333,467][DEBUG]: DevTools WebSocket Command: Runtime.evaluate (id=61) 36FF8643EFB745BF1FD92B9E552C6E89 {
   &quot;expression&quot;: &quot;1&quot;
}
[1664203333,469][DEBUG]: DevTools WebSocket Response: Runtime.evaluate (id=61) 36FF8643EFB745BF1FD92B9E552C6E89 {
   &quot;result&quot;: {
      &quot;description&quot;: &quot;1&quot;,
      &quot;type&quot;: &quot;number&quot;,
      &quot;value&quot;: 1
   }
}
[1664203333,469][INFO]: Done waiting for pending navigations. Status: ok
[1664203333,470][DEBUG]: DevTools WebSocket Command: Runtime.evaluate (id=62) 36FF8643EFB745BF1FD92B9E552C6E89 {
   &quot;awaitPromise&quot;: true,
   &quot;expression&quot;: &quot;(function() { // Copyright (c) 2012 The Chromium Authors. All rights reserved.\n// Use of this source code is governed by a BSD-style license that can be\n// found in the LICENSE file.\n\n/**\n * Enum f...&quot;,
   &quot;returnByValue&quot;: true
}
[1664203333,475][DEBUG]: DevTools WebSocket Response: Runtime.evaluate (id=62) 36FF8643EFB745BF1FD92B9E552C6E89 {
   &quot;result&quot;: {
      &quot;type&quot;: &quot;object&quot;,
      &quot;value&quot;: {
         &quot;status&quot;: 0,
         &quot;value&quot;: {
            &quot;element-6066-11e4-a52e-4f735466cecf&quot;: &quot;0e9a021d-f9b8-4a74-8d47-d13d1b3a6aa6&quot;
         }
      }
   }
}
[1664203333,475][INFO]: Waiting for pending navigations...
[1664203333,475][DEBUG]: DevTools WebSocket Command: Runtime.evaluate (id=63) 36FF8643EFB745BF1FD92B9E552C6E89 {
   &quot;expression&quot;: &quot;1&quot;
}
[1664203333,475][DEBUG]: DevTools WebSocket Response: Runtime.evaluate (id=63) 36FF8643EFB745BF1FD92B9E552C6E89 {
   &quot;result&quot;: {
      &quot;description&quot;: &quot;1&quot;,
      &quot;type&quot;: &quot;number&quot;,
      &quot;value&quot;: 1
   }
}
[1664203333,475][INFO]: Done waiting for pending navigations. Status: ok
[1664203333,475][INFO]: [054090904ec2838a7cbf889f1b629cce] RESPONSE FindElement {
   &quot;element-6066-11e4-a52e-4f735466cecf&quot;: &quot;0e9a021d-f9b8-4a74-8d47-d13d1b3a6aa6&quot;
}
[1664203333,478][INFO]: [054090904ec2838a7cbf889f1b629cce] COMMAND FindElement {
   &quot;using&quot;: &quot;css selector&quot;,
   &quot;value&quot;: &quot;#customer\\.username&quot;
}
[1664203333,478][INFO]: Waiting for pending navigations...
[1664203333,478][DEBUG]: DevTools WebSocket Command: Runtime.evaluate (id=64) 36FF8643EFB745BF1FD92B9E552C6E89 {
   &quot;expression&quot;: &quot;1&quot;
}
[1664203333,478][DEBUG]: DevTools WebSocket Response: Runtime.evaluate (id=64) 36FF8643EFB745BF1FD92B9E552C6E89 {
   &quot;result&quot;: {
      &quot;description&quot;: &quot;1&quot;,
      &quot;type&quot;: &quot;number&quot;,
      &quot;value&quot;: 1
   }
}
[1664203333,478][INFO]: Done waiting for pending navigations. Status: ok
[1664203333,480][DEBUG]: DevTools WebSocket Command: Runtime.evaluate (id=65) 36FF8643EFB745BF1FD92B9E552C6E89 {
   &quot;awaitPromise&quot;: true,
   &quot;expression&quot;: &quot;(function() { // Copyright (c) 2012 The Chromium Authors. All rights reserved.\n// Use of this source code is governed by a BSD-style license that can be\n// found in the LICENSE file.\n\n/**\n * Enum f...&quot;,
   &quot;returnByValue&quot;: true
}
[1664203333,485][DEBUG]: DevTools WebSocket Response: Runtime.evaluate (id=65) 36FF8643EFB745BF1FD92B9E552C6E89 {
   &quot;result&quot;: {
      &quot;type&quot;: &quot;object&quot;,
      &quot;value&quot;: {
         &quot;status&quot;: 0,
         &quot;value&quot;: {
            &quot;element-6066-11e4-a52e-4f735466cecf&quot;: &quot;1c14d186-7311-4cc5-a94a-c428d1dbf24f&quot;
         }
      }
   }
}
[1664203333,485][INFO]: Waiting for pending navigations...
[1664203333,485][DEBUG]: DevTools WebSocket Command: Runtime.evaluate (id=66) 36FF8643EFB745BF1FD92B9E552C6E89 {
   &quot;expression&quot;: &quot;1&quot;
}
[1664203333,485][DEBUG]: DevTools WebSocket Response: Runtime.evaluate (id=66) 36FF8643EFB745BF1FD92B9E552C6E89 {
   &quot;result&quot;: {
      &quot;description&quot;: &quot;1&quot;,
      &quot;type&quot;: &quot;number&quot;,
      &quot;value&quot;: 1
   }
}
[1664203333,485][INFO]: Done waiting for pending navigations. Status: ok
[1664203333,485][INFO]: [054090904ec2838a7cbf889f1b629cce] RESPONSE FindElement {
   &quot;element-6066-11e4-a52e-4f735466cecf&quot;: &quot;1c14d186-7311-4cc5-a94a-c428d1dbf24f&quot;
}
[1664203333,488][INFO]: [054090904ec2838a7cbf889f1b629cce] COMMAND FindElement {
   &quot;using&quot;: &quot;css selector&quot;,
   &quot;value&quot;: &quot;#customer\\.password&quot;
}
[1664203333,488][INFO]: Waiting for pending navigations...
[1664203333,488][DEBUG]: DevTools WebSocket Command: Runtime.evaluate (id=67) 36FF8643EFB745BF1FD92B9E552C6E89 {
   &quot;expression&quot;: &quot;1&quot;
}
[1664203333,488][DEBUG]: DevTools WebSocket Response: Runtime.evaluate (id=67) 36FF8643EFB745BF1FD92B9E552C6E89 {
   &quot;result&quot;: {
      &quot;description&quot;: &quot;1&quot;,
      &quot;type&quot;: &quot;number&quot;,
      &quot;value&quot;: 1
   }
}
[1664203333,488][INFO]: Done waiting for pending navigations. Status: ok
[1664203333,489][DEBUG]: DevTools WebSocket Command: Runtime.evaluate (id=68) 36FF8643EFB745BF1FD92B9E552C6E89 {
   &quot;awaitPromise&quot;: true,
   &quot;expression&quot;: &quot;(function() { // Copyright (c) 2012 The Chromium Authors. All rights reserved.\n// Use of this source code is governed by a BSD-style license that can be\n// found in the LICENSE file.\n\n/**\n * Enum f...&quot;,
   &quot;returnByValue&quot;: true
}
[1664203333,494][DEBUG]: DevTools WebSocket Response: Runtime.evaluate (id=68) 36FF8643EFB745BF1FD92B9E552C6E89 {
   &quot;result&quot;: {
      &quot;type&quot;: &quot;object&quot;,
      &quot;value&quot;: {
         &quot;status&quot;: 0,
         &quot;value&quot;: {
            &quot;element-6066-11e4-a52e-4f735466cecf&quot;: &quot;0baf647d-3366-437a-83d5-6773af1e0f81&quot;
         }
      }
   }
}
[1664203333,494][INFO]: Waiting for pending navigations...
[1664203333,494][DEBUG]: DevTools WebSocket Command: Runtime.evaluate (id=69) 36FF8643EFB745BF1FD92B9E552C6E89 {
   &quot;expression&quot;: &quot;1&quot;
}
[1664203333,495][DEBUG]: DevTools WebSocket Response: Runtime.evaluate (id=69) 36FF8643EFB745BF1FD92B9E552C6E89 {
   &quot;result&quot;: {
      &quot;description&quot;: &quot;1&quot;,
      &quot;type&quot;: &quot;number&quot;,
      &quot;value&quot;: 1
   }
}
[1664203333,495][INFO]: Done waiting for pending navigations. Status: ok
[1664203333,495][INFO]: [054090904ec2838a7cbf889f1b629cce] RESPONSE FindElement {
   &quot;element-6066-11e4-a52e-4f735466cecf&quot;: &quot;0baf647d-3366-437a-83d5-6773af1e0f81&quot;
}
[1664203333,498][INFO]: [054090904ec2838a7cbf889f1b629cce] COMMAND FindElement {
   &quot;using&quot;: &quot;css selector&quot;,
   &quot;value&quot;: &quot;#repeatedPassword&quot;
}
[1664203333,498][INFO]: Waiting for pending navigations...
[1664203333,498][DEBUG]: DevTools WebSocket Command: Runtime.evaluate (id=70) 36FF8643EFB745BF1FD92B9E552C6E89 {
   &quot;expression&quot;: &quot;1&quot;
}
[1664203333,499][DEBUG]: DevTools WebSocket Response: Runtime.evaluate (id=70) 36FF8643EFB745BF1FD92B9E552C6E89 {
   &quot;result&quot;: {
      &quot;description&quot;: &quot;1&quot;,
      &quot;type&quot;: &quot;number&quot;,
      &quot;value&quot;: 1
   }
}
[1664203333,499][INFO]: Done waiting for pending navigations. Status: ok
[1664203333,500][DEBUG]: DevTools WebSocket Command: Runtime.evaluate (id=71) 36FF8643EFB745BF1FD92B9E552C6E89 {
   &quot;awaitPromise&quot;: true,
   &quot;expression&quot;: &quot;(function() { // Copyright (c) 2012 The Chromium Authors. All rights reserved.\n// Use of this source code is governed by a BSD-style license that can be\n// found in the LICENSE file.\n\n/**\n * Enum f...&quot;,
   &quot;returnByValue&quot;: true
}
[1664203333,505][DEBUG]: DevTools WebSocket Response: Runtime.evaluate (id=71) 36FF8643EFB745BF1FD92B9E552C6E89 {
   &quot;result&quot;: {
      &quot;type&quot;: &quot;object&quot;,
      &quot;value&quot;: {
         &quot;status&quot;: 0,
         &quot;value&quot;: {
            &quot;element-6066-11e4-a52e-4f735466cecf&quot;: &quot;34be259a-37cc-408f-aaad-1f3ada59768f&quot;
         }
      }
   }
}
[1664203333,505][INFO]: Waiting for pending navigations...
[1664203333,505][DEBUG]: DevTools WebSocket Command: Runtime.evaluate (id=72) 36FF8643EFB745BF1FD92B9E552C6E89 {
   &quot;expression&quot;: &quot;1&quot;
}
[1664203333,506][DEBUG]: DevTools WebSocket Response: Runtime.evaluate (id=72) 36FF8643EFB745BF1FD92B9E552C6E89 {
   &quot;result&quot;: {
      &quot;description&quot;: &quot;1&quot;,
      &quot;type&quot;: &quot;number&quot;,
      &quot;value&quot;: 1
   }
}
[1664203333,506][INFO]: Done waiting for pending navigations. Status: ok
[1664203333,506][INFO]: [054090904ec2838a7cbf889f1b629cce] RESPONSE FindElement {
   &quot;element-6066-11e4-a52e-4f735466cecf&quot;: &quot;34be259a-37cc-408f-aaad-1f3ada59768f&quot;
}
[1664203335,009][INFO]: [054090904ec2838a7cbf889f1b629cce] COMMAND TypeElement {
   &quot;id&quot;: &quot;3eddebd5-fd97-471b-bc3c-c336f433bd36&quot;,
   &quot;text&quot;: &quot;Bree&quot;,
   &quot;value&quot;: [ &quot;B&quot;, &quot;r&quot;, &quot;e&quot;, &quot;e&quot; ]
}
[1664203335,009][INFO]: Waiting for pending navigations...
[1664203335,009][DEBUG]: DevTools WebSocket Command: Runtime.evaluate (id=73) 36FF8643EFB745BF1FD92B9E552C6E89 {
   &quot;expression&quot;: &quot;1&quot;
}
[1664203335,009][DEBUG]: DevTools WebSocket Response: Runtime.evaluate (id=73) 36FF8643EFB745BF1FD92B9E552C6E89 {
   &quot;result&quot;: {
      &quot;description&quot;: &quot;1&quot;,
      &quot;type&quot;: &quot;number&quot;,
      &quot;value&quot;: 1
   }
}
[1664203335,009][INFO]: Done waiting for pending navigations. Status: ok
[1664203335,010][DEBUG]: DevTools WebSocket Command: Runtime.evaluate (id=74) 36FF8643EFB745BF1FD92B9E552C6E89 {
   &quot;awaitPromise&quot;: true,
   &quot;expression&quot;: &quot;(function() { // Copyright (c) 2012 The Chromium Authors. All rights reserved.\n// Use of this source code is governed by a BSD-style license that can be\n// found in the LICENSE file.\n\n/**\n * Enum f...&quot;,
   &quot;returnByValue&quot;: true
}
[1664203335,017][DEBUG]: DevTools WebSocket Response: Runtime.evaluate (id=74) 36FF8643EFB745BF1FD92B9E552C6E89 {
   &quot;result&quot;: {
      &quot;type&quot;: &quot;object&quot;,
      &quot;value&quot;: {
         &quot;status&quot;: 0,
         &quot;value&quot;: &quot;INPUT&quot;
      }
   }
}
[1664203335,018][DEBUG]: DevTools WebSocket Command: Runtime.evaluate (id=75) 36FF8643EFB745BF1FD92B9E552C6E89 {
   &quot;awaitPromise&quot;: true,
   &quot;expression&quot;: &quot;(function() { // Copyright (c) 2012 The Chromium Authors. All rights reserved.\n// Use of this source code is governed by a BSD-style license that can be\n// found in the LICENSE file.\n\n/**\n * Enum f...&quot;,
   &quot;returnByValue&quot;: true
}
[1664203335,025][DEBUG]: DevTools WebSocket Response: Runtime.evaluate (id=75) 36FF8643EFB745BF1FD92B9E552C6E89 {
   &quot;result&quot;: {
      &quot;type&quot;: &quot;object&quot;,
      &quot;value&quot;: {
         &quot;status&quot;: 0,
         &quot;value&quot;: &quot;text&quot;
      }
   }
}
[1664203335,025][DEBUG]: DevTools WebSocket Command: Runtime.evaluate (id=76) 36FF8643EFB745BF1FD92B9E552C6E89 {
   &quot;awaitPromise&quot;: true,
   &quot;expression&quot;: &quot;(function() { // Copyright (c) 2012 The Chromium Authors. All rights reserved.\n// Use of this source code is governed by a BSD-style license that can be\n// found in the LICENSE file.\n\n/**\n * Enum f...&quot;,
   &quot;returnByValue&quot;: true
}
[1664203335,026][DEBUG]: DevTools WebSocket Response: Runtime.evaluate (id=76) 36FF8643EFB745BF1FD92B9E552C6E89 {
   &quot;result&quot;: {
      &quot;type&quot;: &quot;object&quot;,
      &quot;value&quot;: {
         &quot;status&quot;: 0,
         &quot;value&quot;: false
      }
   }
}
[1664203335,027][DEBUG]: DevTools WebSocket Command: Runtime.evaluate (id=77) 36FF8643EFB745BF1FD92B9E552C6E89 {
   &quot;awaitPromise&quot;: true,
   &quot;expression&quot;: &quot;(function() { // Copyright (c) 2012 The Chromium Authors. All rights reserved.\n// Use of this source code is governed by a BSD-style license that can be\n// found in the LICENSE file.\n\n/**\n * Enum f...&quot;,
   &quot;returnByValue&quot;: true
}
[1664203335,029][DEBUG]: DevTools WebSocket Response: Runtime.evaluate (id=77) 36FF8643EFB745BF1FD92B9E552C6E89 {
   &quot;result&quot;: {
      &quot;type&quot;: &quot;object&quot;,
      &quot;value&quot;: {
         &quot;status&quot;: 0,
         &quot;value&quot;: &quot;INPUT&quot;
      }
   }
}
[1664203335,029][DEBUG]: DevTools WebSocket Command: Runtime.evaluate (id=78) 36FF8643EFB745BF1FD92B9E552C6E89 {
   &quot;awaitPromise&quot;: false,
   &quot;expression&quot;: &quot;document.hasFocus()&quot;,
   &quot;returnByValue&quot;: true
}
[1664203335,030][DEBUG]: DevTools WebSocket Response: Runtime.evaluate (id=78) 36FF8643EFB745BF1FD92B9E552C6E89 {
   &quot;result&quot;: {
      &quot;type&quot;: &quot;boolean&quot;,
      &quot;value&quot;: false
   }
}
[1664203335,031][DEBUG]: DevTools WebSocket Command: Runtime.evaluate (id=79) 36FF8643EFB745BF1FD92B9E552C6E89 {
   &quot;awaitPromise&quot;: true,
   &quot;expression&quot;: &quot;(function() { // Copyright (c) 2012 The Chromium Authors. All rights reserved.\n// Use of this source code is governed by a BSD-style license that can be\n// found in the LICENSE file.\n\n/**\n * Enum f...&quot;,
   &quot;returnByValue&quot;: true
}
[1664203335,037][DEBUG]: DevTools WebSocket Response: Runtime.evaluate (id=79) 36FF8643EFB745BF1FD92B9E552C6E89 {
   &quot;result&quot;: {
      &quot;type&quot;: &quot;object&quot;,
      &quot;value&quot;: {
         &quot;status&quot;: 0,
         &quot;value&quot;: true
      }
   }
}
[1664203335,037][DEBUG]: DevTools WebSocket Command: Runtime.evaluate (id=80) 36FF8643EFB745BF1FD92B9E552C6E89 {
   &quot;awaitPromise&quot;: true,
   &quot;expression&quot;: &quot;(function() { // Copyright (c) 2012 The Chromium Authors. All rights reserved.\n// Use of this source code is governed by a BSD-style license that can be\n// found in the LICENSE file.\n\n/**\n * Enum f...&quot;,
   &quot;returnByValue&quot;: true
}
[1664203335,040][DEBUG]: DevTools WebSocket Response: Runtime.evaluate (id=80) 36FF8643EFB745BF1FD92B9E552C6E89 {
   &quot;result&quot;: {
      &quot;type&quot;: &quot;object&quot;,
      &quot;value&quot;: {
         &quot;status&quot;: 0,
         &quot;value&quot;: true
      }
   }
}
[1664203335,041][DEBUG]: DevTools WebSocket Command: Runtime.evaluate (id=81) 36FF8643EFB745BF1FD92B9E552C6E89 {
   &quot;awaitPromise&quot;: true,
   &quot;expression&quot;: &quot;(function() { // Copyright (c) 2012 The Chromium Authors. All rights reserved.\n// Use of this source code is governed by a BSD-style license that can be\n// found in the LICENSE file.\n\n/**\n * Enum f...&quot;,
   &quot;returnByValue&quot;: true
}
[1664203335,042][DEBUG]: DevTools WebSocket Response: Runtime.evaluate (id=81) 36FF8643EFB745BF1FD92B9E552C6E89 {
   &quot;result&quot;: {
      &quot;type&quot;: &quot;object&quot;,
      &quot;value&quot;: {
         &quot;status&quot;: 0,
         &quot;value&quot;: null
      }
   }
}
[1664203335,043][DEBUG]: DevTools WebSocket Command: Runtime.evaluate (id=82) 36FF8643EFB745BF1FD92B9E552C6E89 {
   &quot;awaitPromise&quot;: true,
   &quot;expression&quot;: &quot;(function() { // Copyright (c) 2012 The Chromium Authors. All rights reserved.\n// Use of this source code is governed by a BSD-style license that can be\n// found in the LICENSE file.\n\n/**\n * Enum f...&quot;,
   &quot;returnByValue&quot;: true
}
[1664203335,044][DEBUG]: DevTools WebSocket Response: Runtime.evaluate (id=82) 36FF8643EFB745BF1FD92B9E552C6E89 {
   &quot;result&quot;: {
      &quot;type&quot;: &quot;object&quot;,
      &quot;value&quot;: {
         &quot;status&quot;: 0,
         &quot;value&quot;: null
      }
   }
}
[1664203335,045][DEBUG]: DevTools WebSocket Command: Input.dispatchKeyEvent (id=83) 36FF8643EFB745BF1FD92B9E552C6E89 {
   &quot;code&quot;: &quot;ShiftLeft&quot;,
   &quot;key&quot;: &quot;Shift&quot;,
   &quot;modifiers&quot;: 0,
   &quot;text&quot;: &quot;&quot;,
   &quot;type&quot;: &quot;rawKeyDown&quot;,
   &quot;unmodifiedText&quot;: &quot;&quot;,
   &quot;windowsVirtualKeyCode&quot;: 16
}
[1664203335,045][DEBUG]: DevTools WebSocket Command: Input.dispatchKeyEvent (id=84) 36FF8643EFB745BF1FD92B9E552C6E89 {
   &quot;code&quot;: &quot;KeyB&quot;,
   &quot;key&quot;: &quot;B&quot;,
   &quot;modifiers&quot;: 8,
   &quot;text&quot;: &quot;B&quot;,
   &quot;type&quot;: &quot;rawKeyDown&quot;,
   &quot;unmodifiedText&quot;: &quot;b&quot;,
   &quot;windowsVirtualKeyCode&quot;: 66
}
[1664203335,045][DEBUG]: DevTools WebSocket Command: Input.dispatchKeyEvent (id=85) 36FF8643EFB745BF1FD92B9E552C6E89 {
   &quot;code&quot;: &quot;KeyB&quot;,
   &quot;key&quot;: &quot;B&quot;,
   &quot;modifiers&quot;: 8,
   &quot;text&quot;: &quot;B&quot;,
   &quot;type&quot;: &quot;char&quot;,
   &quot;unmodifiedText&quot;: &quot;b&quot;,
   &quot;windowsVirtualKeyCode&quot;: 66
}
[...]
[1664203336,821][DEBUG]: DevTools WebSocket Command: Runtime.evaluate (id=550) 36FF8643EFB745BF1FD92B9E552C6E89 {
   &quot;awaitPromise&quot;: true,
   &quot;expression&quot;: &quot;(function() { // Copyright (c) 2012 The Chromium Authors. All rights reserved.\n// Use of this source code is governed by a BSD-style license that can be\n// found in the LICENSE file.\n\n/**\n * Enum f...&quot;,
   &quot;returnByValue&quot;: true
}
[1664203336,822][DEBUG]: DevTools WebSocket Response: Runtime.evaluate (id=550) 36FF8643EFB745BF1FD92B9E552C6E89 {
   &quot;result&quot;: {
      &quot;type&quot;: &quot;object&quot;,
      &quot;value&quot;: {
         &quot;status&quot;: 0,
         &quot;value&quot;: &quot;input&quot;
      }
   }
}
[1664203336,823][DEBUG]: DevTools WebSocket Command: Runtime.evaluate (id=551) 36FF8643EFB745BF1FD92B9E552C6E89 {
   &quot;awaitPromise&quot;: true,
   &quot;expression&quot;: &quot;(function() { // Copyright (c) 2012 The Chromium Authors. All rights reserved.\n// Use of this source code is governed by a BSD-style license that can be\n// found in the LICENSE file.\n\n/**\n * Enum f...&quot;,
   &quot;returnByValue&quot;: true
}
[1664203336,827][DEBUG]: DevTools WebSocket Response: Runtime.evaluate (id=551) 36FF8643EFB745BF1FD92B9E552C6E89 {
   &quot;result&quot;: {
      &quot;type&quot;: &quot;object&quot;,
      &quot;value&quot;: {
         &quot;status&quot;: 0,
         &quot;value&quot;: &quot;submit&quot;
      }
   }
}
[1664203336,827][DEBUG]: DevTools WebSocket Command: Runtime.evaluate (id=552) 36FF8643EFB745BF1FD92B9E552C6E89 {
   &quot;awaitPromise&quot;: true,
   &quot;expression&quot;: &quot;(function() { // Copyright (c) 2012 The Chromium Authors. All rights reserved.\n// Use of this source code is governed by a BSD-style license that can be\n// found in the LICENSE file.\n\n/**\n * Enum f...&quot;,
   &quot;returnByValue&quot;: true
}
[1664203336,828][DEBUG]: DevTools WebSocket Response: Runtime.evaluate (id=552) 36FF8643EFB745BF1FD92B9E552C6E89 {
   &quot;result&quot;: {
      &quot;type&quot;: &quot;object&quot;,
      &quot;value&quot;: {
         &quot;status&quot;: 0,
         &quot;value&quot;: &quot;input&quot;
      }
   }
}
[1664203336,829][DEBUG]: DevTools WebSocket Command: Runtime.evaluate (id=553) 36FF8643EFB745BF1FD92B9E552C6E89 {
   &quot;awaitPromise&quot;: true,
   &quot;expression&quot;: &quot;(function() { // Copyright (c) 2012 The Chromium Authors. All rights reserved.\n// Use of this source code is governed by a BSD-style license that can be\n// found in the LICENSE file.\n\n/**\n * Enum f...&quot;,
   &quot;returnByValue&quot;: true
}
[1664203336,835][DEBUG]: DevTools WebSocket Response: Runtime.evaluate (id=553) 36FF8643EFB745BF1FD92B9E552C6E89 {
   &quot;result&quot;: {
      &quot;type&quot;: &quot;object&quot;,
      &quot;value&quot;: {
         &quot;status&quot;: 0,
         &quot;value&quot;: true
      }
   }
}
[1664203336,835][DEBUG]: DevTools WebSocket Command: Runtime.evaluate (id=554) 36FF8643EFB745BF1FD92B9E552C6E89 {
   &quot;awaitPromise&quot;: true,
   &quot;expression&quot;: &quot;(function() { // Copyright (c) 2012 The Chromium Authors. All rights reserved.\n// Use of this source code is governed by a BSD-style license that can be\n// found in the LICENSE file.\n\n/**\n * Enum f...&quot;,
   &quot;returnByValue&quot;: true
}
[1664203336,837][DEBUG]: DevTools WebSocket Response: Runtime.evaluate (id=554) 36FF8643EFB745BF1FD92B9E552C6E89 {
   &quot;result&quot;: {
      &quot;type&quot;: &quot;object&quot;,
      &quot;value&quot;: {
         &quot;status&quot;: 0,
         &quot;value&quot;: {
            &quot;height&quot;: 19,
            &quot;left&quot;: 0,
            &quot;top&quot;: 0,
            &quot;width&quot;: 83.125
         }
      }
   }
}
[1664203336,838][DEBUG]: DevTools WebSocket Command: Runtime.evaluate (id=555) 36FF8643EFB745BF1FD92B9E552C6E89 {
   &quot;awaitPromise&quot;: true,
   &quot;expression&quot;: &quot;(function() { // Copyright (c) 2012 The Chromium Authors. All rights reserved.\n// Use of this source code is governed by a BSD-style license that can be\n// found in the LICENSE file.\n\n/**\n * Enum f...&quot;,
   &quot;returnByValue&quot;: true
}
[1664203336,842][DEBUG]: DevTools WebSocket Response: Runtime.evaluate (id=555) 36FF8643EFB745BF1FD92B9E552C6E89 {
   &quot;result&quot;: {
      &quot;type&quot;: &quot;object&quot;,
      &quot;value&quot;: {
         &quot;status&quot;: 0,
         &quot;value&quot;: {
            &quot;ceil&quot;: {
            },
            &quot;clone&quot;: {
            },
            &quot;floor&quot;: {
            },
            &quot;round&quot;: {
            },
            &quot;scale&quot;: {
            },
            &quot;translate&quot;: {
            },
            &quot;x&quot;: 901.125,
            &quot;y&quot;: 659.0625
         }
      }
   }
}
[1664203336,843][DEBUG]: DevTools WebSocket Command: Runtime.evaluate (id=556) 36FF8643EFB745BF1FD92B9E552C6E89 {
   &quot;awaitPromise&quot;: true,
   &quot;expression&quot;: &quot;(function() { // Copyright (c) 2012 The Chromium Authors. All rights reserved.\n// Use of this source code is governed by a BSD-style license that can be\n// found in the LICENSE file.\n\n/**\n * Enum f...&quot;,
   &quot;returnByValue&quot;: true
}
[1664203336,846][DEBUG]: DevTools WebSocket Response: Runtime.evaluate (id=556) 36FF8643EFB745BF1FD92B9E552C6E89 {
   &quot;result&quot;: {
      &quot;type&quot;: &quot;object&quot;,
      &quot;value&quot;: {
         &quot;status&quot;: 0,
         &quot;value&quot;: {
            &quot;clickable&quot;: true
         }
      }
   }
}
[1664203336,846][DEBUG]: DevTools WebSocket Command: Input.dispatchMouseEvent (id=557) 36FF8643EFB745BF1FD92B9E552C6E89 {
   &quot;button&quot;: &quot;none&quot;,
   &quot;buttons&quot;: 0,
   &quot;clickCount&quot;: 0,
   &quot;force&quot;: 0.0,
   &quot;modifiers&quot;: 0,
   &quot;pointerType&quot;: &quot;mouse&quot;,
   &quot;tangentialPressure&quot;: 0.0,
   &quot;tiltX&quot;: 0,
   &quot;tiltY&quot;: 0,
   &quot;twist&quot;: 0,
   &quot;type&quot;: &quot;mouseMoved&quot;,
   &quot;x&quot;: 942,
   &quot;y&quot;: 668
}
[1664203336,847][DEBUG]: DevTools WebSocket Command: Input.dispatchMouseEvent (id=558) 36FF8643EFB745BF1FD92B9E552C6E89 {
   &quot;button&quot;: &quot;left&quot;,
   &quot;buttons&quot;: 0,
   &quot;clickCount&quot;: 1,
   &quot;force&quot;: 0.0,
   &quot;modifiers&quot;: 0,
   &quot;pointerType&quot;: &quot;mouse&quot;,
   &quot;tangentialPressure&quot;: 0.0,
   &quot;tiltX&quot;: 0,
   &quot;tiltY&quot;: 0,
   &quot;twist&quot;: 0,
   &quot;type&quot;: &quot;mousePressed&quot;,
   &quot;x&quot;: 942,
   &quot;y&quot;: 668
}
[1664203336,847][DEBUG]: DevTools WebSocket Command: Input.dispatchMouseEvent (id=559) 36FF8643EFB745BF1FD92B9E552C6E89 {
   &quot;button&quot;: &quot;left&quot;,
   &quot;buttons&quot;: 1,
   &quot;clickCount&quot;: 1,
   &quot;force&quot;: 0.0,
   &quot;modifiers&quot;: 0,
   &quot;pointerType&quot;: &quot;mouse&quot;,
   &quot;tangentialPressure&quot;: 0.0,
   &quot;tiltX&quot;: 0,
   &quot;tiltY&quot;: 0,
   &quot;twist&quot;: 0,
   &quot;type&quot;: &quot;mouseReleased&quot;,
   &quot;x&quot;: 942,
   &quot;y&quot;: 668
}
[1664203336,850][DEBUG]: DevTools WebSocket Response: Input.dispatchMouseEvent (id=557) 36FF8643EFB745BF1FD92B9E552C6E89 {
}
[1664203336,851][DEBUG]: DevTools WebSocket Response: Input.dispatchMouseEvent (id=558) 36FF8643EFB745BF1FD92B9E552C6E89 {
}
[1664203336,852][DEBUG]: DevTools WebSocket Response: Input.dispatchMouseEvent (id=559) 36FF8643EFB745BF1FD92B9E552C6E89 {
}
[1664203336,852][INFO]: Waiting for pending navigations...
[1664203336,852][DEBUG]: DevTools WebSocket Command: Runtime.evaluate (id=560) 36FF8643EFB745BF1FD92B9E552C6E89 {
   &quot;expression&quot;: &quot;1&quot;
}
[1664203336,853][DEBUG]: DevTools WebSocket Event: Page.frameScheduledNavigation 36FF8643EFB745BF1FD92B9E552C6E89 {
   &quot;delay&quot;: 0,
   &quot;frameId&quot;: &quot;36FF8643EFB745BF1FD92B9E552C6E89&quot;,
   &quot;reason&quot;: &quot;formSubmissionPost&quot;,
   &quot;url&quot;: &quot;https://parabank.parasoft.com/parabank/register.htm&quot;
}
[1664203336,853][DEBUG]: DevTools WebSocket Event: Page.frameRequestedNavigation 36FF8643EFB745BF1FD92B9E552C6E89 {
   &quot;disposition&quot;: &quot;currentTab&quot;,
   &quot;frameId&quot;: &quot;36FF8643EFB745BF1FD92B9E552C6E89&quot;,
   &quot;reason&quot;: &quot;formSubmissionPost&quot;,
   &quot;url&quot;: &quot;https://parabank.parasoft.com/parabank/register.htm&quot;
}
[1664203336,853][DEBUG]: DevTools WebSocket Event: Page.frameStartedLoading 36FF8643EFB745BF1FD92B9E552C6E89 {
   &quot;frameId&quot;: &quot;36FF8643EFB745BF1FD92B9E552C6E89&quot;
}
[1664203336,856][DEBUG]: DevTools WebSocket Event: Page.frameClearedScheduledNavigation 36FF8643EFB745BF1FD92B9E552C6E89 {
   &quot;frameId&quot;: &quot;36FF8643EFB745BF1FD92B9E552C6E89&quot;
}
[1664203336,856][DEBUG]: DevTools WebSocket Response: Runtime.evaluate (id=560) 36FF8643EFB745BF1FD92B9E552C6E89 {
   &quot;result&quot;: {
      &quot;description&quot;: &quot;1&quot;,
      &quot;type&quot;: &quot;number&quot;,
      &quot;value&quot;: 1
   }
}
[1664203337,108][DEBUG]: DevTools WebSocket Event: Runtime.executionContextsCleared 36FF8643EFB745BF1FD92B9E552C6E89 {
}
[1664203337,108][DEBUG]: DevTools WebSocket Event: Page.frameNavigated 36FF8643EFB745BF1FD92B9E552C6E89 {
   &quot;frame&quot;: {
      &quot;adFrameStatus&quot;: {
         &quot;adFrameType&quot;: &quot;none&quot;
      },
      &quot;crossOriginIsolatedContextType&quot;: &quot;NotIsolated&quot;,
      &quot;domainAndRegistry&quot;: &quot;parasoft.com&quot;,
      &quot;gatedAPIFeatures&quot;: [  ],
      &quot;id&quot;: &quot;36FF8643EFB745BF1FD92B9E552C6E89&quot;,
      &quot;loaderId&quot;: &quot;F7DE039984C7EEA970DF9EF441C66932&quot;,
      &quot;mimeType&quot;: &quot;text/html&quot;,
      &quot;secureContextType&quot;: &quot;Secure&quot;,
      &quot;securityOrigin&quot;: &quot;https://parabank.parasoft.com&quot;,
      &quot;url&quot;: &quot;https://parabank.parasoft.com/parabank/register.htm&quot;
   },
   &quot;type&quot;: &quot;Navigation&quot;
}
[1664203337,108][DEBUG]: DevTools WebSocket Event: Runtime.executionContextCreated 36FF8643EFB745BF1FD92B9E552C6E89 {
   &quot;context&quot;: {
      &quot;auxData&quot;: {
         &quot;frameId&quot;: &quot;36FF8643EFB745BF1FD92B9E552C6E89&quot;,
         &quot;isDefault&quot;: true,
         &quot;type&quot;: &quot;default&quot;
      },
      &quot;id&quot;: 3,
      &quot;name&quot;: &quot;&quot;,
      &quot;origin&quot;: &quot;https://parabank.parasoft.com&quot;,
      &quot;uniqueId&quot;: &quot;-3599449572543811063.6491265880069834547&quot;
   }
}
[1664203337,108][DEBUG]: DevTools WebSocket Command: Runtime.evaluate (id=561) 36FF8643EFB745BF1FD92B9E552C6E89 {
   &quot;expression&quot;: &quot;1&quot;
}
[1664203337,113][DEBUG]: DevTools WebSocket Event: Log.entryAdded 36FF8643EFB745BF1FD92B9E552C6E89 {
   &quot;entry&quot;: {
      &quot;args&quot;: [ {
         &quot;className&quot;: &quot;HTMLInputElement&quot;,
         &quot;description&quot;: &quot;input.input&quot;,
         &quot;objectId&quot;: &quot;-6911687748606428388.3.1&quot;,
         &quot;subtype&quot;: &quot;node&quot;,
         &quot;type&quot;: &quot;object&quot;
      } ],
      &quot;level&quot;: &quot;verbose&quot;,
      &quot;source&quot;: &quot;recommendation&quot;,
      &quot;text&quot;: &quot;[DOM] Input elements should have autocomplete attributes (suggested: \&quot;current-password\&quot;): (More info: https://www.chromium.org/developers/design-documents/create-amazing-password-forms) %o&quot;,
      &quot;timestamp&quot;: 1.6642033371119548e+12,
      &quot;url&quot;: &quot;https://parabank.parasoft.com/parabank/register.htm&quot;
   }
}
[1664203337,115][DEBUG]: DevTools WebSocket Event: Log.entryAdded 36FF8643EFB745BF1FD92B9E552C6E89 {
   &quot;entry&quot;: {
      &quot;args&quot;: [ {
         &quot;className&quot;: &quot;HTMLInputElement&quot;,
         &quot;description&quot;: &quot;input#customer.password.input&quot;,
         &quot;objectId&quot;: &quot;-6911687748606428388.3.2&quot;,
         &quot;subtype&quot;: &quot;node&quot;,
         &quot;type&quot;: &quot;object&quot;
      } ],
      &quot;level&quot;: &quot;verbose&quot;,
      &quot;source&quot;: &quot;recommendation&quot;,
      &quot;text&quot;: &quot;[DOM] Input elements should have autocomplete attributes (suggested: \&quot;new-password\&quot;): (More info: https://www.chromium.org/developers/design-documents/create-amazing-password-forms) %o&quot;,
      &quot;timestamp&quot;: 1.6642033371123171e+12,
      &quot;url&quot;: &quot;https://parabank.parasoft.com/parabank/register.htm&quot;
   }
}
[1664203337,115][DEBUG]: DevTools WebSocket Event: Log.entryAdded 36FF8643EFB745BF1FD92B9E552C6E89 {
   &quot;entry&quot;: {
      &quot;args&quot;: [ {
         &quot;className&quot;: &quot;HTMLInputElement&quot;,
         &quot;description&quot;: &quot;input#repeatedPassword.input&quot;,
         &quot;objectId&quot;: &quot;-6911687748606428388.3.3&quot;,
         &quot;subtype&quot;: &quot;node&quot;,
         &quot;type&quot;: &quot;object&quot;
      } ],
      &quot;level&quot;: &quot;verbose&quot;,
      &quot;source&quot;: &quot;recommendation&quot;,
      &quot;text&quot;: &quot;[DOM] Input elements should have autocomplete attributes (suggested: \&quot;new-password\&quot;): (More info: https://www.chromium.org/developers/design-documents/create-amazing-password-forms) %o&quot;,
      &quot;timestamp&quot;: 1.664203337112458e+12,
      &quot;url&quot;: &quot;https://parabank.parasoft.com/parabank/register.htm&quot;
   }
}
[1664203337,124][DEBUG]: DevTools WebSocket Event: Page.loadEventFired 36FF8643EFB745BF1FD92B9E552C6E89 {
   &quot;timestamp&quot;: 4181.192375
}
[1664203337,124][DEBUG]: DevTools WebSocket Command: Runtime.evaluate (id=562) 36FF8643EFB745BF1FD92B9E552C6E89 {
   &quot;awaitPromise&quot;: false,
   &quot;expression&quot;: &quot;document.readyState&quot;,
   &quot;returnByValue&quot;: true
}
[1664203337,124][DEBUG]: DevTools WebSocket Event: Page.frameStoppedLoading 36FF8643EFB745BF1FD92B9E552C6E89 {
   &quot;frameId&quot;: &quot;36FF8643EFB745BF1FD92B9E552C6E89&quot;
}
[1664203337,124][DEBUG]: DevTools WebSocket Event: Page.domContentEventFired 36FF8643EFB745BF1FD92B9E552C6E89 {
   &quot;timestamp&quot;: 4181.192894
}
[1664203337,124][DEBUG]: DevTools WebSocket Response: Runtime.evaluate (id=561) 36FF8643EFB745BF1FD92B9E552C6E89 {
   &quot;result&quot;: {
      &quot;description&quot;: &quot;1&quot;,
      &quot;type&quot;: &quot;number&quot;,
      &quot;value&quot;: 1
   }
}
[1664203337,127][DEBUG]: DevTools WebSocket Response: Runtime.evaluate (id=562) 36FF8643EFB745BF1FD92B9E552C6E89 {
   &quot;result&quot;: {
      &quot;type&quot;: &quot;string&quot;,
      &quot;value&quot;: &quot;complete&quot;
   }
}
[1664203337,127][INFO]: Done waiting for pending navigations. Status: ok
[1664203337,127][INFO]: [054090904ec2838a7cbf889f1b629cce] RESPONSE ClickElement
[1664203337,138][DEBUG]: DevTools WebSocket Event: Page.frameResized 36FF8643EFB745BF1FD92B9E552C6E89 {
}
[1664203338,329][INFO]: [054090904ec2838a7cbf889f1b629cce] COMMAND FindElement {
   &quot;using&quot;: &quot;xpath&quot;,
   &quot;value&quot;: &quot;//*[@id=\&quot;rightPanel\&quot;]/p&quot;
}
[1664203338,329][INFO]: Waiting for pending navigations...
[1664203338,329][DEBUG]: DevTools WebSocket Command: Runtime.evaluate (id=563) 36FF8643EFB745BF1FD92B9E552C6E89 {
   &quot;expression&quot;: &quot;1&quot;
}
[1664203338,330][DEBUG]: DevTools WebSocket Response: Runtime.evaluate (id=563) 36FF8643EFB745BF1FD92B9E552C6E89 {
   &quot;result&quot;: {
      &quot;description&quot;: &quot;1&quot;,
      &quot;type&quot;: &quot;number&quot;,
      &quot;value&quot;: 1
   }
}
[1664203338,330][INFO]: Done waiting for pending navigations. Status: ok
[1664203338,331][DEBUG]: DevTools WebSocket Command: Runtime.evaluate (id=564) 36FF8643EFB745BF1FD92B9E552C6E89 {
   &quot;awaitPromise&quot;: true,
   &quot;expression&quot;: &quot;(function() { // Copyright (c) 2012 The Chromium Authors. All rights reserved.\n// Use of this source code is governed by a BSD-style license that can be\n// found in the LICENSE file.\n\n/**\n * Enum f...&quot;,
   &quot;returnByValue&quot;: true
}
[1664203338,337][DEBUG]: DevTools WebSocket Response: Runtime.evaluate (id=564) 36FF8643EFB745BF1FD92B9E552C6E89 {
   &quot;result&quot;: {
      &quot;type&quot;: &quot;object&quot;,
      &quot;value&quot;: {
         &quot;status&quot;: 0,
         &quot;value&quot;: {
            &quot;element-6066-11e4-a52e-4f735466cecf&quot;: &quot;120f47c4-1557-444c-9ef3-dc6fee21a363&quot;
         }
      }
   }
}
[1664203338,337][INFO]: Waiting for pending navigations...
[1664203338,337][DEBUG]: DevTools WebSocket Command: Runtime.evaluate (id=565) 36FF8643EFB745BF1FD92B9E552C6E89 {
   &quot;expression&quot;: &quot;1&quot;
}
[1664203338,338][DEBUG]: DevTools WebSocket Response: Runtime.evaluate (id=565) 36FF8643EFB745BF1FD92B9E552C6E89 {
   &quot;result&quot;: {
      &quot;description&quot;: &quot;1&quot;,
      &quot;type&quot;: &quot;number&quot;,
      &quot;value&quot;: 1
   }
}
[1664203338,338][INFO]: Done waiting for pending navigations. Status: ok
[1664203338,338][INFO]: [054090904ec2838a7cbf889f1b629cce] RESPONSE FindElement {
   &quot;element-6066-11e4-a52e-4f735466cecf&quot;: &quot;120f47c4-1557-444c-9ef3-dc6fee21a363&quot;
}
[1664203338,339][INFO]: [054090904ec2838a7cbf889f1b629cce] COMMAND GetElementText {
   &quot;id&quot;: &quot;120f47c4-1557-444c-9ef3-dc6fee21a363&quot;
}
[1664203338,339][INFO]: Waiting for pending navigations...
[1664203338,339][DEBUG]: DevTools WebSocket Command: Runtime.evaluate (id=566) 36FF8643EFB745BF1FD92B9E552C6E89 {
   &quot;expression&quot;: &quot;1&quot;
}
[1664203338,340][DEBUG]: DevTools WebSocket Response: Runtime.evaluate (id=566) 36FF8643EFB745BF1FD92B9E552C6E89 {
   &quot;result&quot;: {
      &quot;description&quot;: &quot;1&quot;,
      &quot;type&quot;: &quot;number&quot;,
      &quot;value&quot;: 1
   }
}
[1664203338,340][INFO]: Done waiting for pending navigations. Status: ok
[1664203338,341][DEBUG]: DevTools WebSocket Command: Runtime.evaluate (id=567) 36FF8643EFB745BF1FD92B9E552C6E89 {
   &quot;awaitPromise&quot;: true,
   &quot;expression&quot;: &quot;(function() { // Copyright (c) 2012 The Chromium Authors. All rights reserved.\n// Use of this source code is governed by a BSD-style license that can be\n// found in the LICENSE file.\n\n/**\n * Enum f...&quot;,
   &quot;returnByValue&quot;: true
}
[1664203338,353][DEBUG]: DevTools WebSocket Response: Runtime.evaluate (id=567) 36FF8643EFB745BF1FD92B9E552C6E89 {
   &quot;result&quot;: {
      &quot;type&quot;: &quot;object&quot;,
      &quot;value&quot;: {
         &quot;status&quot;: 0,
         &quot;value&quot;: &quot;If you have an account with us you can sign-up for free instant online access. You will have to provide some personal information.&quot;
      }
   }
}
[1664203338,353][INFO]: Waiting for pending navigations...
[1664203338,353][DEBUG]: DevTools WebSocket Command: Runtime.evaluate (id=568) 36FF8643EFB745BF1FD92B9E552C6E89 {
   &quot;expression&quot;: &quot;1&quot;
}
[1664203338,353][DEBUG]: DevTools WebSocket Response: Runtime.evaluate (id=568) 36FF8643EFB745BF1FD92B9E552C6E89 {
   &quot;result&quot;: {
      &quot;description&quot;: &quot;1&quot;,
      &quot;type&quot;: &quot;number&quot;,
      &quot;value&quot;: 1
   }
}
[1664203338,353][INFO]: Done waiting for pending navigations. Status: ok
[1664203338,353][INFO]: [054090904ec2838a7cbf889f1b629cce] RESPONSE GetElementText &quot;If you have an account with us you can sign-up for free instant online access. You will have to provide some personal information.&quot;
</system-err>
  </testcase>
</testsuite>